#
# There is insufficient memory for the Java Runtime Environment to continue.
# Native memory allocation (mmap) failed to map 65536 bytes for Failed to commit metaspace.
# Possible reasons:
#   The system is out of physical RAM or swap space
#   The process is running with CompressedOops enabled, and the Java Heap may be blocking the growth of the native heap
# Possible solutions:
#   Reduce memory load on the system
#   Increase physical memory or swap space
#   Check if swap backing store is full
#   Decrease Java heap size (-Xmx/-Xms)
#   Decrease number of Java threads
#   Decrease Java thread stack sizes (-Xss)
#   Set larger code cache with -XX:ReservedCodeCacheSize=
#   JVM is running with Unscaled Compressed Oops mode in which the Java heap is
#     placed in the first 4GB address space. The Java Heap base address is the
#     maximum limit for the native heap growth. Please use -XX:HeapBaseMinAddress
#     to set the Java Heap base and to place the Java Heap above 4GB virtual address.
# This output file may be truncated or incomplete.
#
#  Out of Memory Error (virtualSpaceNode.cpp:108), pid=7320, tid=4564
#
# JRE version: OpenJDK Runtime Environment (16.0.2+7) (build 16.0.2+7-67)
# Java VM: OpenJDK 64-Bit Server VM (16.0.2+7-67, mixed mode, tiered, compressed oops, compressed class ptrs, g1 gc, windows-amd64)
# Core dump will be written. Default location: C:\Users\MYU076GJ\eclpse-workspace-2021\LGSTest\hs_err_pid7320.mdmp
#

---------------  S U M M A R Y ------------

Command Line: -ea -Dfile.encoding=Cp1252 -XX:+ShowCodeDetailsInExceptionMessages org.testng.remote.RemoteTestNG -serport 54296 -protocol json -d C:\Users\MYU076GJ\eclpse-workspace-2021\LGSTest\test-output C:\Users\MYU076GJ\AppData\Local\Temp\2\testng-eclipse-969566007\testng-customsuite.xml

Host: Intel(R) Xeon(R) CPU E5-2680 v4 @ 2.40GHz, 2 cores, 7G,  Windows Server 2012 R2 , 64 bit Build 9600 (6.3.9600.20062)
Time: Mon Oct 11 15:10:09 2021 Malay Peninsula Standard Time elapsed time: 69.825091 seconds (0d 0h 1m 9s)

---------------  T H R E A D  ---------------

Current thread (0x000000c08129a940):  JavaThread "C1 CompilerThread0" daemon [_thread_in_vm, id=4564, stack(0x000000c081b10000,0x000000c081c10000)]


Current CompileTask:
C1:  69825 2486       3       com.google.common.collect.Maps::transformValues (9 bytes)

Stack: [0x000000c081b10000,0x000000c081c10000]
Native frames: (J=compiled Java code, j=interpreted, Vv=VM code, C=native code)
V  [jvm.dll+0x6681ca]


---------------  P R O C E S S  ---------------

Threads class SMR info:
_java_thread_list=0x000000c0837aaab0, length=18, elements={
0x000000c0e6f2d610, 0x000000c0803dcc20, 0x000000c0803ddae0, 0x000000c080412670,
0x000000c080415300, 0x000000c080415f00, 0x000000c080418910, 0x000000c0804196f0,
0x000000c08129a940, 0x000000c08041dcb0, 0x000000c08138e670, 0x000000c0813a2fe0,
0x000000c0823f8370, 0x000000c08382bf80, 0x000000c0839b84a0, 0x000000c083614950,
0x000000c0837965a0, 0x000000c083798030
}

Java Threads: ( => current thread )
  0x000000c0e6f2d610 JavaThread "Forwarding getElementText on session f3536c8e855bc7f9e72a4695e28dbf30 to remote" [_thread_in_Java, id=1532, stack(0x000000c0e65d0000,0x000000c0e66d0000)]
  0x000000c0803dcc20 JavaThread "Reference Handler" daemon [_thread_blocked, id=8792, stack(0x000000c081000000,0x000000c081100000)]
  0x000000c0803ddae0 JavaThread "Finalizer" daemon [_thread_blocked, id=8712, stack(0x000000c081100000,0x000000c081200000)]
  0x000000c080412670 JavaThread "Signal Dispatcher" daemon [_thread_blocked, id=8584, stack(0x000000c081610000,0x000000c081710000)]
  0x000000c080415300 JavaThread "Attach Listener" daemon [_thread_blocked, id=9092, stack(0x000000c081710000,0x000000c081810000)]
  0x000000c080415f00 JavaThread "Service Thread" daemon [_thread_blocked, id=8396, stack(0x000000c081810000,0x000000c081910000)]
  0x000000c080418910 JavaThread "Monitor Deflation Thread" daemon [_thread_blocked, id=6016, stack(0x000000c081910000,0x000000c081a10000)]
  0x000000c0804196f0 JavaThread "C2 CompilerThread0" daemon [_thread_blocked, id=7088, stack(0x000000c081a10000,0x000000c081b10000)]
=>0x000000c08129a940 JavaThread "C1 CompilerThread0" daemon [_thread_in_vm, id=4564, stack(0x000000c081b10000,0x000000c081c10000)]
  0x000000c08041dcb0 JavaThread "Sweeper thread" daemon [_thread_blocked, id=7224, stack(0x000000c081c10000,0x000000c081d10000)]
  0x000000c08138e670 JavaThread "Notification Thread" daemon [_thread_blocked, id=7244, stack(0x000000c081d10000,0x000000c081e10000)]
  0x000000c0813a2fe0 JavaThread "Common-Cleaner" daemon [_thread_blocked, id=8740, stack(0x000000c081f10000,0x000000c082010000)]
  0x000000c0823f8370 JavaThread "ReaderThread" [_thread_in_native, id=7428, stack(0x000000c083500000,0x000000c083600000)]
  0x000000c08382bf80 JavaThread "Exec Default Executor" daemon [_thread_in_native, id=7592, stack(0x000000c0845d0000,0x000000c0846d0000)]
  0x000000c0839b84a0 JavaThread "Exec Stream Pumper" daemon [_thread_in_native, id=700, stack(0x000000c085000000,0x000000c085100000)]
  0x000000c083614950 JavaThread "Exec Stream Pumper" daemon [_thread_in_native, id=4784, stack(0x000000c085100000,0x000000c085200000)]
  0x000000c0837965a0 JavaThread "OkHttp ConnectionPool" daemon [_thread_blocked, id=6284, stack(0x000000c085300000,0x000000c085400000)]
  0x000000c083798030 JavaThread "Okio Watchdog" daemon [_thread_blocked, id=8236, stack(0x000000c085400000,0x000000c085500000)]

Other Threads:
  0x000000c0803d7760 VMThread "VM Thread" [stack: 0x000000c080620000,0x000000c080720000] [id=7668]
  0x000000c08138efa0 WatcherThread [stack: 0x000000c081e10000,0x000000c081f10000] [id=6744]
  0x000000c0e6f6ae40 GCTaskThread "GC Thread#0" [stack: 0x000000c0fdc70000,0x000000c0fdd70000] [id=6028]
  0x000000c0822d9d10 GCTaskThread "GC Thread#1" [stack: 0x000000c082810000,0x000000c082910000] [id=8384]
  0x000000c0e6f7bf80 ConcurrentGCThread "G1 Main Marker" [stack: 0x000000c0fdd70000,0x000000c0fde70000] [id=8652]
  0x000000c0e6f7ca70 ConcurrentGCThread "G1 Conc#0" [stack: 0x000000c0fde70000,0x000000c0fdf70000] [id=6592]
  0x000000c0802400a0 ConcurrentGCThread "G1 Refine#0" [stack: 0x000000c080420000,0x000000c080520000] [id=8788]
  0x000000c080240ba0 ConcurrentGCThread "G1 Service" [stack: 0x000000c080520000,0x000000c080620000] [id=7772]

Threads with active compile tasks:
C1 CompilerThread0    69831 2486       3       com.google.common.collect.Maps::transformValues (9 bytes)

VM state: not at safepoint (normal execution)

VM Mutex/Monitor currently owned by a thread:  ([mutex/lock_event])
[0x000000c0e6f28ba0] MetaspaceExpand_lock - owner thread: 0x000000c08129a940
[0x000000c0e6f2af60] MethodData_lock - owner thread: 0x000000c08129a940

Heap address: 0x0000000080000000, size: 2048 MB, Compressed Oops mode: 32-bit

CDS disabled.
Compressed class space mapped at: 0x0000000100000000-0x0000000140000000, reserved size: 1073741824
Narrow klass base: 0x0000000000000000, Narrow klass shift: 3, Narrow klass range: 0x140000000

GC Precious Log:
 CPUs: 2 total, 2 available
 Memory: 8191M
 Large Page Support: Disabled
 NUMA Support: Disabled
 Compressed Oops: Enabled (32-bit)
 Heap Region Size: 1M
 Heap Min Capacity: 8M
 Heap Initial Capacity: 128M
 Heap Max Capacity: 2G
 Pre-touch: Disabled
 Parallel Workers: 2
 Concurrent Workers: 1
 Concurrent Refinement Workers: 2
 Periodic GC: Disabled

Heap:
 garbage-first heap   total 27648K, used 9914K [0x0000000080000000, 0x0000000100000000)
  region size 1024K, 4 young (4096K), 2 survivors (2048K)
 Metaspace       used 26905K, committed 27136K, reserved 1081344K
  class space    used 2890K, committed 3008K, reserved 1048576K

Heap Regions: E=young(eden), S=young(survivor), O=old, HS=humongous(starts), HC=humongous(continues), CS=collection set, F=free, OA=open archive, CA=closed archive, TAMS=top-at-mark-start (previous, next)
|   0|0x0000000080000000, 0x0000000080100000, 0x0000000080100000|100%| O|  |TAMS 0x0000000080100000, 0x0000000080000000| Untracked 
|   1|0x0000000080100000, 0x0000000080200000, 0x0000000080200000|100%| O|  |TAMS 0x0000000080200000, 0x0000000080100000| Untracked 
|   2|0x0000000080200000, 0x00000000802fb600, 0x0000000080300000| 98%| O|  |TAMS 0x00000000802fb600, 0x0000000080200000| Untracked 
|   3|0x0000000080300000, 0x0000000080400000, 0x0000000080400000|100%| O|  |TAMS 0x0000000080300000, 0x0000000080300000| Untracked 
|   4|0x0000000080400000, 0x0000000080500000, 0x0000000080500000|100%| O|  |TAMS 0x0000000080400000, 0x0000000080400000| Untracked 
|   5|0x0000000080500000, 0x0000000080600000, 0x0000000080600000|100%| O|  |TAMS 0x0000000080500000, 0x0000000080500000| Untracked 
|   6|0x0000000080600000, 0x00000000806d9600, 0x0000000080700000| 84%| O|  |TAMS 0x0000000080600000, 0x0000000080600000| Untracked 
|   7|0x0000000080700000, 0x0000000080700000, 0x0000000080800000|  0%| F|  |TAMS 0x0000000080700000, 0x0000000080700000| Untracked 
|   8|0x0000000080800000, 0x0000000080800000, 0x0000000080900000|  0%| F|  |TAMS 0x0000000080800000, 0x0000000080800000| Untracked 
|   9|0x0000000080900000, 0x0000000080900000, 0x0000000080a00000|  0%| F|  |TAMS 0x0000000080900000, 0x0000000080900000| Untracked 
|  10|0x0000000080a00000, 0x0000000080a00000, 0x0000000080b00000|  0%| F|  |TAMS 0x0000000080a00000, 0x0000000080a00000| Untracked 
|  11|0x0000000080b00000, 0x0000000080b00000, 0x0000000080c00000|  0%| F|  |TAMS 0x0000000080b00000, 0x0000000080b00000| Untracked 
|  12|0x0000000080c00000, 0x0000000080c00000, 0x0000000080d00000|  0%| F|  |TAMS 0x0000000080c00000, 0x0000000080c00000| Untracked 
|  13|0x0000000080d00000, 0x0000000080d00000, 0x0000000080e00000|  0%| F|  |TAMS 0x0000000080d00000, 0x0000000080d00000| Untracked 
|  14|0x0000000080e00000, 0x0000000080e00000, 0x0000000080f00000|  0%| F|  |TAMS 0x0000000080e00000, 0x0000000080e00000| Untracked 
|  15|0x0000000080f00000, 0x0000000080fd9e78, 0x0000000081000000| 85%| S|CS|TAMS 0x0000000080f00000, 0x0000000080f00000| Complete 
|  16|0x0000000081000000, 0x0000000081100000, 0x0000000081100000|100%| S|CS|TAMS 0x0000000081000000, 0x0000000081000000| Complete 
|  17|0x0000000081100000, 0x0000000081100000, 0x0000000081200000|  0%| F|  |TAMS 0x0000000081100000, 0x0000000081100000| Untracked 
|  18|0x0000000081200000, 0x0000000081200000, 0x0000000081300000|  0%| F|  |TAMS 0x0000000081200000, 0x0000000081200000| Untracked 
|  19|0x0000000081300000, 0x0000000081300000, 0x0000000081400000|  0%| F|  |TAMS 0x0000000081300000, 0x0000000081300000| Untracked 
|  20|0x0000000081400000, 0x0000000081400000, 0x0000000081500000|  0%| F|  |TAMS 0x0000000081400000, 0x0000000081400000| Untracked 
|  21|0x0000000081500000, 0x0000000081500000, 0x0000000081600000|  0%| F|  |TAMS 0x0000000081500000, 0x0000000081500000| Untracked 
| 103|0x0000000086700000, 0x0000000086700000, 0x0000000086800000|  0%| F|  |TAMS 0x0000000086700000, 0x0000000086700000| Untracked 
| 104|0x0000000086800000, 0x0000000086800000, 0x0000000086900000|  0%| F|  |TAMS 0x0000000086800000, 0x0000000086800000| Untracked 
| 105|0x0000000086900000, 0x0000000086900000, 0x0000000086a00000|  0%| F|  |TAMS 0x0000000086900000, 0x0000000086900000| Untracked 
| 106|0x0000000086a00000, 0x0000000086b00000, 0x0000000086b00000|100%| E|  |TAMS 0x0000000086a00000, 0x0000000086a00000| Complete 
| 127|0x0000000087f00000, 0x0000000088000000, 0x0000000088000000|100%| E|CS|TAMS 0x0000000087f00000, 0x0000000087f00000| Complete 

Card table byte_map: [0x000000c0f9470000,0x000000c0f9870000] _byte_map_base: 0x000000c0f9070000

Marking Bits (Prev, Next): (CMBitMap*) 0x000000c0e6f6b570, (CMBitMap*) 0x000000c0e6f6b530
 Prev Bits: [0x000000c0fbc70000, 0x000000c0fdc70000)
 Next Bits: [0x000000c0f9c70000, 0x000000c0fbc70000)

Polling page: 0x000000c0e4cd0000

Metaspace:

Usage:
  Non-class:     23.45 MB used.
      Class:      2.82 MB used.
       Both:     26.27 MB used.

Virtual space:
  Non-class space:       32.00 MB reserved,      23.56 MB ( 74%) committed,  4 nodes.
      Class space:        1.00 GB reserved,       2.94 MB ( <1%) committed,  1 nodes.
              Both:        1.03 GB reserved,      26.50 MB (  3%) committed. 

Chunk freelists:
   Non-Class:  3.98 MB
       Class:  1.09 MB
        Both:  5.08 MB

MaxMetaspaceSize: 17179869184.00 GB
CompressedClassSpaceSize: 1.00 GB
 - commit_granule_bytes: 65536.
 - commit_granule_words: 8192.
 - virtual_space_node_default_size: 1048576.
 - enlarge_chunks_in_place: 1.
 - new_chunks_are_fully_committed: 0.
 - uncommit_free_chunks: 1.
 - use_allocation_guard: 0.
 - handle_deallocations: 1.


Internal statistics:

num_allocs_failed_limit: 3.
num_arena_births: 188.
num_arena_deaths: 0.
num_vsnodes_births: 5.
num_vsnodes_deaths: 0.
num_space_committed: 424.
num_space_uncommitted: 0.
num_chunks_returned_to_freelist: 3.
num_chunks_taken_from_freelist: 672.
num_chunk_merges: 0.
num_chunk_splits: 421.
num_chunks_enlarged: 314.
num_purges: 0.

CodeHeap 'non-profiled nmethods': size=120064Kb used=932Kb max_used=932Kb free=119131Kb
 bounds [0x000000c0f1f30000, 0x000000c0f21a0000, 0x000000c0f9470000]
CodeHeap 'profiled nmethods': size=120000Kb used=4918Kb max_used=4918Kb free=115081Kb
 bounds [0x000000c0eaa00000, 0x000000c0eaed0000, 0x000000c0f1f30000]
CodeHeap 'non-nmethods': size=5696Kb used=1244Kb max_used=1276Kb free=4451Kb
 bounds [0x000000c0ea470000, 0x000000c0ea6e0000, 0x000000c0eaa00000]
 total_blobs=3040 nmethods=2485 adapters=467
 compilation: enabled
              stopped_count=0, restarted_count=0
 full_count=0

Compilation events (20 events):
Event: 69.110 Thread 0x000000c08129a940 nmethod 2476 0x000000c0eaec9290 code [0x000000c0eaec9440, 0x000000c0eaec9598]
Event: 69.110 Thread 0x000000c08129a940 2477       3       com.google.common.collect.Maps::asEntryTransformer (14 bytes)
Event: 69.111 Thread 0x000000c08129a940 nmethod 2477 0x000000c0eaec9690 code [0x000000c0eaec9860, 0x000000c0eaec9c08]
Event: 69.111 Thread 0x000000c08129a940 2478       3       com.google.common.collect.Hashing::closedTableSize (37 bytes)
Event: 69.111 Thread 0x000000c08129a940 nmethod 2478 0x000000c0eaec9d90 code [0x000000c0eaec9f60, 0x000000c0eaeca2a8]
Event: 69.111 Thread 0x000000c08129a940 2479       1       org.openqa.selenium.remote.Response::getValue (5 bytes)
Event: 69.111 Thread 0x000000c08129a940 nmethod 2479 0x000000c0f2018910 code [0x000000c0f2018aa0, 0x000000c0f2018b78]
Event: 69.112 Thread 0x000000c0804196f0 2480       4       java.util.ArrayList::elementData (7 bytes)
Event: 69.112 Thread 0x000000c0804196f0 nmethod 2480 0x000000c0f2018c10 code [0x000000c0f2018da0, 0x000000c0f2018e58]
Event: 69.113 Thread 0x000000c08129a940 2481       3       okhttp3.internal.http1.Http1Codec::readHeaderLine (30 bytes)
Event: 69.113 Thread 0x000000c08129a940 nmethod 2481 0x000000c0eaeca410 code [0x000000c0eaeca5e0, 0x000000c0eaeca8c8]
Event: 69.113 Thread 0x000000c08129a940 2482       3       okio.RealBufferedSource::readUtf8LineStrict (235 bytes)
Event: 69.114 Thread 0x000000c08129a940 nmethod 2482 0x000000c0eaecaa10 code [0x000000c0eaecada0, 0x000000c0eaecbf38]
Event: 69.821 Thread 0x000000c08129a940 2483       3       okio.Buffer::readUtf8 (9 bytes)
Event: 69.821 Thread 0x000000c08129a940 nmethod 2483 0x000000c0eaecc610 code [0x000000c0eaecc7c0, 0x000000c0eaecc908]
Event: 69.821 Thread 0x000000c08129a940 2484       3       okhttp3.Response$Builder::build (97 bytes)
Event: 69.822 Thread 0x000000c08129a940 nmethod 2484 0x000000c0eaecc990 code [0x000000c0eaeccc20, 0x000000c0eaecd678]
Event: 69.822 Thread 0x000000c08129a940 2485       1       java.lang.Enum::toString (5 bytes)
Event: 69.822 Thread 0x000000c08129a940 nmethod 2485 0x000000c0f2018f10 code [0x000000c0f20190a0, 0x000000c0f2019178]
Event: 69.823 Thread 0x000000c08129a940 2486       3       com.google.common.collect.Maps::transformValues (9 bytes)

GC Heap History (12 events):
Event: 0.679 GC heap before
{Heap before GC invocations=0 (full 0):
 garbage-first heap   total 131072K, used 5120K [0x0000000080000000, 0x0000000100000000)
  region size 1024K, 6 young (6144K), 0 survivors (0K)
 Metaspace       used 7878K, committed 7936K, reserved 1056768K
  class space    used 679K, committed 704K, reserved 1048576K
}
Event: 0.696 GC heap after
{Heap after GC invocations=1 (full 0):
 garbage-first heap   total 131072K, used 3204K [0x0000000080000000, 0x0000000100000000)
  region size 1024K, 1 young (1024K), 1 survivors (1024K)
 Metaspace       used 7878K, committed 7936K, reserved 1056768K
  class space    used 679K, committed 704K, reserved 1048576K
}
Event: 1.081 GC heap before
{Heap before GC invocations=1 (full 0):
 garbage-first heap   total 131072K, used 8324K [0x0000000080000000, 0x0000000100000000)
  region size 1024K, 6 young (6144K), 1 survivors (1024K)
 Metaspace       used 12342K, committed 12480K, reserved 1064960K
  class space    used 1153K, committed 1216K, reserved 1048576K
}
Event: 1.085 GC heap after
{Heap after GC invocations=2 (full 0):
 garbage-first heap   total 131072K, used 3899K [0x0000000080000000, 0x0000000100000000)
  region size 1024K, 1 young (1024K), 1 survivors (1024K)
 Metaspace       used 12342K, committed 12480K, reserved 1064960K
  class space    used 1153K, committed 1216K, reserved 1048576K
}
Event: 1.551 GC heap before
{Heap before GC invocations=2 (full 0):
 garbage-first heap   total 131072K, used 12091K [0x0000000080000000, 0x0000000100000000)
  region size 1024K, 9 young (9216K), 1 survivors (1024K)
 Metaspace       used 15581K, committed 15744K, reserved 1064960K
  class space    used 1546K, committed 1600K, reserved 1048576K
}
Event: 1.563 GC heap after
{Heap after GC invocations=3 (full 0):
 garbage-first heap   total 131072K, used 4791K [0x0000000080000000, 0x0000000100000000)
  region size 1024K, 2 young (2048K), 2 survivors (2048K)
 Metaspace       used 15581K, committed 15744K, reserved 1064960K
  class space    used 1546K, committed 1600K, reserved 1048576K
}
Event: 2.115 GC heap before
{Heap before GC invocations=3 (full 0):
 garbage-first heap   total 131072K, used 22199K [0x0000000080000000, 0x0000000100000000)
  region size 1024K, 21 young (21504K), 2 survivors (2048K)
 Metaspace       used 21132K, committed 21248K, reserved 1073152K
  class space    used 2176K, committed 2240K, reserved 1048576K
}
Event: 2.126 GC heap after
{Heap after GC invocations=4 (full 0):
 garbage-first heap   total 131072K, used 7110K [0x0000000080000000, 0x0000000100000000)
  region size 1024K, 4 young (4096K), 4 survivors (4096K)
 Metaspace       used 21132K, committed 21248K, reserved 1073152K
  class space    used 2176K, committed 2240K, reserved 1048576K
}
Event: 3.075 GC heap before
{Heap before GC invocations=5 (full 0):
 garbage-first heap   total 27648K, used 19398K [0x0000000080000000, 0x0000000100000000)
  region size 1024K, 16 young (16384K), 4 survivors (4096K)
 Metaspace       used 24421K, committed 24704K, reserved 1073152K
  class space    used 2640K, committed 2752K, reserved 1048576K
}
Event: 3.086 GC heap after
{Heap after GC invocations=6 (full 0):
 garbage-first heap   total 27648K, used 7958K [0x0000000080000000, 0x0000000100000000)
  region size 1024K, 1 young (1024K), 1 survivors (1024K)
 Metaspace       used 24421K, committed 24704K, reserved 1073152K
  class space    used 2640K, committed 2752K, reserved 1048576K
}
Event: 46.500 GC heap before
{Heap before GC invocations=6 (full 0):
 garbage-first heap   total 27648K, used 17174K [0x0000000080000000, 0x0000000100000000)
  region size 1024K, 11 young (11264K), 1 survivors (1024K)
 Metaspace       used 26831K, committed 27072K, reserved 1073152K
  class space    used 2889K, committed 3008K, reserved 1048576K
}
Event: 46.504 GC heap after
{Heap after GC invocations=7 (full 0):
 garbage-first heap   total 27648K, used 8890K [0x0000000080000000, 0x0000000100000000)
  region size 1024K, 2 young (2048K), 2 survivors (2048K)
 Metaspace       used 26831K, committed 27072K, reserved 1073152K
  class space    used 2889K, committed 3008K, reserved 1048576K
}

Deoptimization events (20 events):
Event: 4.162 Thread 0x000000c0e6f2d610 Uncommon trap: trap_request=0xffffffde fr.pc=0x000000c0f1fde314 relative=0x0000000000000614
Event: 4.162 Thread 0x000000c0e6f2d610 Uncommon trap: reason=class_check action=maybe_recompile pc=0x000000c0f1fde314 method=org.openqa.selenium.json.Input.init()V @ 18 c2
Event: 4.162 Thread 0x000000c0e6f2d610 DEOPT PACKING pc=0x000000c0f1fde314 sp=0x000000c0e66cc080
Event: 4.162 Thread 0x000000c0e6f2d610 DEOPT UNPACKING pc=0x000000c0ea4bd72e sp=0x000000c0e66cc078 mode 2
Event: 4.162 Thread 0x000000c0e6f2d610 Uncommon trap: trap_request=0xffffffde fr.pc=0x000000c0f1fde314 relative=0x0000000000000614
Event: 4.162 Thread 0x000000c0e6f2d610 Uncommon trap: reason=class_check action=maybe_recompile pc=0x000000c0f1fde314 method=org.openqa.selenium.json.Input.init()V @ 18 c2
Event: 4.162 Thread 0x000000c0e6f2d610 DEOPT PACKING pc=0x000000c0f1fde314 sp=0x000000c0e66cc080
Event: 4.162 Thread 0x000000c0e6f2d610 DEOPT UNPACKING pc=0x000000c0ea4bd72e sp=0x000000c0e66cc078 mode 2
Event: 4.194 Thread 0x000000c0e6f2d610 Uncommon trap: trap_request=0xffffff45 fr.pc=0x000000c0f1f8a104 relative=0x0000000000000f64
Event: 4.194 Thread 0x000000c0e6f2d610 Uncommon trap: reason=unstable_if action=reinterpret pc=0x000000c0f1f8a104 method=java.util.concurrent.ConcurrentHashMap.putVal(Ljava/lang/Object;Ljava/lang/Object;Z)Ljava/lang/Object; @ 256 c2
Event: 4.194 Thread 0x000000c0e6f2d610 DEOPT PACKING pc=0x000000c0f1f8a104 sp=0x000000c0e66cc730
Event: 4.194 Thread 0x000000c0e6f2d610 DEOPT UNPACKING pc=0x000000c0ea4bd72e sp=0x000000c0e66cc6a8 mode 2
Event: 5.029 Thread 0x000000c0e6f2d610 Uncommon trap: trap_request=0xffffffde fr.pc=0x000000c0f1fc39ec relative=0x00000000000009cc
Event: 5.030 Thread 0x000000c0e6f2d610 Uncommon trap: reason=class_check action=maybe_recompile pc=0x000000c0f1fc39ec method=java.util.HashMap.putVal(ILjava/lang/Object;Ljava/lang/Object;ZZ)Ljava/lang/Object; @ 203 c2
Event: 5.030 Thread 0x000000c0e6f2d610 DEOPT PACKING pc=0x000000c0f1fc39ec sp=0x000000c0e66ccd50
Event: 5.030 Thread 0x000000c0e6f2d610 DEOPT UNPACKING pc=0x000000c0ea4bd72e sp=0x000000c0e66ccce0 mode 2
Event: 5.261 Thread 0x000000c0e6f2d610 Uncommon trap: trap_request=0xffffffde fr.pc=0x000000c0f1fc39ec relative=0x00000000000009cc
Event: 5.261 Thread 0x000000c0e6f2d610 Uncommon trap: reason=class_check action=maybe_recompile pc=0x000000c0f1fc39ec method=java.util.HashMap.putVal(ILjava/lang/Object;Ljava/lang/Object;ZZ)Ljava/lang/Object; @ 203 c2
Event: 5.261 Thread 0x000000c0e6f2d610 DEOPT PACKING pc=0x000000c0f1fc39ec sp=0x000000c0e66ccd50
Event: 5.261 Thread 0x000000c0e6f2d610 DEOPT UNPACKING pc=0x000000c0ea4bd72e sp=0x000000c0e66ccce0 mode 2

Classes unloaded (0 events):
No events

Classes redefined (0 events):
No events

Internal exceptions (20 events):
Event: 2.191 Thread 0x000000c0e6f2d610 Exception <a 'java/lang/NoSuchMethodError'{0x0000000087f2ffb8}: 'void java.lang.invoke.DirectMethodHandle$Holder.invokeStaticInit(java.lang.Object, java.lang.Object)'> (0x0000000087f2ffb8) 
thrown [t:\workspace\open\src\hotspot\share\interpreter\linkResolver.cpp, line 790]
Event: 2.341 Thread 0x000000c08382bf80 Exception <a 'java/lang/NoSuchMethodError'{0x0000000081293678}: 'void java.lang.invoke.DirectMethodHandle$Holder.invokeStatic(java.lang.Object, long)'> (0x0000000081293678) 
thrown [t:\workspace\open\src\hotspot\share\interpreter\linkResolver.cpp, line 790]
Event: 2.341 Thread 0x000000c08382bf80 Exception <a 'java/lang/NoSuchMethodError'{0x0000000081298dc8}: 'java.lang.Object java.lang.invoke.DirectMethodHandle$Holder.newInvokeSpecial(java.lang.Object, long)'> (0x0000000081298dc8) 
thrown [t:\workspace\open\src\hotspot\share\interpreter\linkResolver.cpp, line 790]
Event: 2.343 Thread 0x000000c08382bf80 Exception <a 'java/lang/NoSuchMethodError'{0x00000000812a3518}: 'java.lang.Object java.lang.invoke.DirectMethodHandle$Holder.invokeStaticInit(java.lang.Object, java.lang.Object, long, java.lang.Object)'> (0x00000000812a3518) 
thrown [t:\workspace\open\src\hotspot\share\interpreter\linkResolver.cpp, line 790]
Event: 2.343 Thread 0x000000c08382bf80 Exception <a 'java/lang/NoSuchMethodError'{0x00000000812a9850}: 'java.lang.Object java.lang.invoke.DirectMethodHandle$Holder.newInvokeSpecial(java.lang.Object, java.lang.Object, long)'> (0x00000000812a9850) 
thrown [t:\workspace\open\src\hotspot\share\interpreter\linkResolver.cpp, line 790]
Event: 2.344 Thread 0x000000c08382bf80 Exception <a 'java/lang/NoSuchMethodError'{0x00000000812ad5c0}: 'java.lang.Object java.lang.invoke.Invokers$Holder.linkToTargetMethod(java.lang.Object, long, java.lang.Object)'> (0x00000000812ad5c0) 
thrown [t:\workspace\open\src\hotspot\share\interpreter\linkResolver.cpp, line 790]
Event: 2.862 Thread 0x000000c083614430 Exception <a 'java/net/SocketException'{0x00000000812cdcc8}: Socket is not connected: shutdown> (0x00000000812cdcc8) 
thrown [t:\workspace\open\src\hotspot\share\prims\jni.cpp, line 600]
Event: 2.899 Thread 0x000000c0e6f2d610 Exception <a 'java/lang/NoSuchMethodError'{0x0000000081193260}: 'java.lang.Object java.lang.invoke.DirectMethodHandle$Holder.invokeInterface(java.lang.Object, java.lang.Object, java.lang.Object)'> (0x0000000081193260) 
thrown [t:\workspace\open\src\hotspot\share\interpreter\linkResolver.cpp, line 790]
Event: 2.899 Thread 0x000000c0e6f2d610 Exception <a 'java/lang/IncompatibleClassChangeError'{0x0000000081196fc0}: Found class java.lang.Object, but interface was expected> (0x0000000081196fc0) 
thrown [t:\workspace\open\src\hotspot\share\interpreter\linkResolver.cpp, line 857]
Event: 2.900 Thread 0x000000c0e6f2d610 Exception <a 'java/lang/NoSuchMethodError'{0x000000008119f998}: 'int java.lang.invoke.DirectMethodHandle$Holder.invokeSpecialIFC(java.lang.Object, java.lang.Object, java.lang.Object, java.lang.Object)'> (0x000000008119f998) 
thrown [t:\workspace\open\src\hotspot\share\interpreter\linkResolver.cpp, line 790]
Event: 2.901 Thread 0x000000c0e6f2d610 Exception <a 'java/lang/NoSuchMethodError'{0x00000000811a81f0}: 'java.lang.Object java.lang.invoke.DirectMethodHandle$Holder.invokeInterface(java.lang.Object, java.lang.Object, java.lang.Object, java.lang.Object)'> (0x00000000811a81f0) 
thrown [t:\workspace\open\src\hotspot\share\interpreter\linkResolver.cpp, line 790]
Event: 2.909 Thread 0x000000c0e6f2d610 Exception <a 'java/lang/NoSuchMethodError'{0x00000000811cee08}: 'java.lang.Object java.lang.invoke.DirectMethodHandle$Holder.invokeVirtual(java.lang.Object, java.lang.Object, java.lang.Object)'> (0x00000000811cee08) 
thrown [t:\workspace\open\src\hotspot\share\interpreter\linkResolver.cpp, line 790]
Event: 2.920 Thread 0x000000c0e6f2d610 Exception <a 'java/lang/NoSuchMethodError'{0x0000000081048a38}: 'void java.lang.invoke.DirectMethodHandle$Holder.invokeInterface(java.lang.Object, java.lang.Object, java.lang.Object)'> (0x0000000081048a38) 
thrown [t:\workspace\open\src\hotspot\share\interpreter\linkResolver.cpp, line 790]
Event: 2.931 Thread 0x000000c0e6f2d610 Exception <a 'java/lang/NoSuchMethodError'{0x00000000810b1588}: 'double java.lang.invoke.DirectMethodHandle$Holder.invokeVirtual(java.lang.Object, java.lang.Object)'> (0x00000000810b1588) 
thrown [t:\workspace\open\src\hotspot\share\interpreter\linkResolver.cpp, line 790]
Event: 2.932 Thread 0x000000c0e6f2d610 Exception <a 'java/lang/NoSuchMethodError'{0x00000000810b8218}: 'float java.lang.invoke.DirectMethodHandle$Holder.invokeVirtual(java.lang.Object, java.lang.Object)'> (0x00000000810b8218) 
thrown [t:\workspace\open\src\hotspot\share\interpreter\linkResolver.cpp, line 790]
Event: 2.933 Thread 0x000000c0e6f2d610 Exception <a 'java/lang/NoSuchMethodError'{0x00000000810c4858}: 'long java.lang.invoke.DirectMethodHandle$Holder.invokeVirtual(java.lang.Object, java.lang.Object)'> (0x00000000810c4858) 
thrown [t:\workspace\open\src\hotspot\share\interpreter\linkResolver.cpp, line 790]
Event: 2.967 Thread 0x000000c0e6f2d610 Exception <a 'java/lang/NoSuchMethodError'{0x0000000080e19bd0}: 'void java.lang.invoke.DirectMethodHandle$Holder.invokeSpecial(java.lang.Object, java.lang.Object, java.lang.Object, java.lang.Object, java.lang.Object)'> (0x0000000080e19bd0) 
thrown [t:\workspace\open\src\hotspot\share\interpreter\linkResolver.cpp, line 790]
Event: 2.987 Thread 0x000000c0e6f2d610 Exception <a 'java/lang/NoSuchMethodError'{0x0000000080eec8b0}: 'java.lang.Object java.lang.invoke.DirectMethodHandle$Holder.newInvokeSpecial(java.lang.Object, java.lang.Object, java.lang.Object, java.lang.Object, java.lang.Object)'> (0x0000000080eec8b0) 
thrown [t:\workspace\open\src\hotspot\share\interpreter\linkResolver.cpp, line 790]
Event: 4.168 Thread 0x000000c0e6f2d610 Exception <a 'java/lang/NoSuchMethodError'{0x00000000868fbc88}: 'java.lang.Object java.lang.invoke.DirectMethodHandle$Holder.invokeSpecialIFC(java.lang.Object, java.lang.Object, java.lang.Object)'> (0x00000000868fbc88) 
thrown [t:\workspace\open\src\hotspot\share\interpreter\linkResolver.cpp, line 790]
Event: 4.209 Thread 0x000000c0e6f2d610 Exception <a 'java/lang/ClassNotFoundException'{0x000000008679eb88}: sun/util/logging/resources/spi/loggingProvider> (0x000000008679eb88) 
thrown [t:\workspace\open\src\hotspot\share\classfile\systemDictionary.cpp, line 256]

Events (20 events):
Event: 48.584 Executing  VM operation: ICBufferFull done
Event: 50.584 Executing  VM operation: Cleanup
Event: 50.584 Executing  VM operation: Cleanup done
Event: 52.584 Executing  VM operation: Cleanup
Event: 52.584 Executing  VM operation: Cleanup done
Event: 53.468 Executing  VM operation: ICBufferFull
Event: 53.468 Executing  VM operation: ICBufferFull done
Event: 55.467 Executing  VM operation: Cleanup
Event: 55.467 Executing  VM operation: Cleanup done
Event: 57.470 Executing  VM operation: Cleanup
Event: 57.470 Executing  VM operation: Cleanup done
Event: 61.469 Executing  VM operation: Cleanup
Event: 61.470 Executing  VM operation: Cleanup done
Event: 62.879 loading class java/util/IdentityHashMap$KeyIterator
Event: 62.879 loading class java/util/IdentityHashMap$IdentityHashMapIterator
Event: 62.879 loading class java/util/IdentityHashMap$IdentityHashMapIterator done
Event: 62.879 loading class java/util/IdentityHashMap$KeyIterator done
Event: 62.879 Thread 0x000000c083614430 Thread exited: 0x000000c083614430
Event: 63.470 Executing  VM operation: Cleanup
Event: 63.470 Executing  VM operation: Cleanup done


Dynamic libraries:
0x00007ff72a910000 - 0x00007ff72a91e000 	C:\Users\MYU076GJ\.p2\pool\plugins\org.eclipse.justj.openjdk.hotspot.jre.full.win32.x86_64_16.0.2.v20210721-1149\jre\bin\javaw.exe
0x00007fffcf470000 - 0x00007fffcf61d000 	C:\Windows\SYSTEM32\ntdll.dll
0x00007fffccd50000 - 0x00007fffcce8f000 	C:\Windows\system32\KERNEL32.DLL
0x00007fffcc790000 - 0x00007fffcc8a5000 	C:\Windows\system32\KERNELBASE.dll
0x00007fffc3a10000 - 0x00007fffc3a28000 	C:\Users\MYU076GJ\.p2\pool\plugins\org.eclipse.justj.openjdk.hotspot.jre.full.win32.x86_64_16.0.2.v20210721-1149\jre\bin\jli.dll
0x00007fffc39f0000 - 0x00007fffc3a09000 	C:\Users\MYU076GJ\.p2\pool\plugins\org.eclipse.justj.openjdk.hotspot.jre.full.win32.x86_64_16.0.2.v20210721-1149\jre\bin\VCRUNTIME140.dll
0x00007fffc7790000 - 0x00007fffc7794000 	C:\Users\MYU076GJ\.p2\pool\plugins\org.eclipse.justj.openjdk.hotspot.jre.full.win32.x86_64_16.0.2.v20210721-1149\jre\bin\api-ms-win-crt-stdio-l1-1-0.dll
0x00007fffc7720000 - 0x00007fffc7724000 	C:\Users\MYU076GJ\.p2\pool\plugins\org.eclipse.justj.openjdk.hotspot.jre.full.win32.x86_64_16.0.2.v20210721-1149\jre\bin\api-ms-win-crt-runtime-l1-1-0.dll
0x00007fffc74a0000 - 0x00007fffc74a3000 	C:\Users\MYU076GJ\.p2\pool\plugins\org.eclipse.justj.openjdk.hotspot.jre.full.win32.x86_64_16.0.2.v20210721-1149\jre\bin\api-ms-win-crt-environment-l1-1-0.dll
0x00007fffc7430000 - 0x00007fffc7435000 	C:\Users\MYU076GJ\.p2\pool\plugins\org.eclipse.justj.openjdk.hotspot.jre.full.win32.x86_64_16.0.2.v20210721-1149\jre\bin\api-ms-win-crt-math-l1-1-0.dll
0x00007fffc68f0000 - 0x00007fffc68f3000 	C:\Users\MYU076GJ\.p2\pool\plugins\org.eclipse.justj.openjdk.hotspot.jre.full.win32.x86_64_16.0.2.v20210721-1149\jre\bin\api-ms-win-crt-locale-l1-1-0.dll
0x00007fffc5620000 - 0x00007fffc5623000 	C:\Users\MYU076GJ\.p2\pool\plugins\org.eclipse.justj.openjdk.hotspot.jre.full.win32.x86_64_16.0.2.v20210721-1149\jre\bin\api-ms-win-crt-heap-l1-1-0.dll
0x00007fffca940000 - 0x00007fffcabbb000 	C:\Windows\WinSxS\amd64_microsoft.windows.common-controls_6595b64144ccf1df_6.0.9600.19394_none_62486577ecb635cf\COMCTL32.dll
0x00007fffcd0b0000 - 0x00007fffcd227000 	C:\Windows\system32\USER32.dll
0x00007fffc4d10000 - 0x00007fffc4d13000 	C:\Users\MYU076GJ\.p2\pool\plugins\org.eclipse.justj.openjdk.hotspot.jre.full.win32.x86_64_16.0.2.v20210721-1149\jre\bin\api-ms-win-crt-filesystem-l1-1-0.dll
0x00007fffc4c80000 - 0x00007fffc4c84000 	C:\Users\MYU076GJ\.p2\pool\plugins\org.eclipse.justj.openjdk.hotspot.jre.full.win32.x86_64_16.0.2.v20210721-1149\jre\bin\api-ms-win-crt-string-l1-1-0.dll
0x00007fffc4a90000 - 0x00007fffc4a94000 	C:\Users\MYU076GJ\.p2\pool\plugins\org.eclipse.justj.openjdk.hotspot.jre.full.win32.x86_64_16.0.2.v20210721-1149\jre\bin\api-ms-win-crt-convert-l1-1-0.dll
0x00007fffced40000 - 0x00007fffcedea000 	C:\Windows\system32\msvcrt.dll
0x00007fffcf210000 - 0x00007fffcf35e000 	C:\Windows\system32\GDI32.dll
0x00007fff95f90000 - 0x00007fff9608a000 	C:\Users\MYU076GJ\.p2\pool\plugins\org.eclipse.justj.openjdk.hotspot.jre.full.win32.x86_64_16.0.2.v20210721-1149\jre\bin\ucrtbase.DLL
0x00007fffcf3c0000 - 0x00007fffcf3f6000 	C:\Windows\system32\IMM32.DLL
0x00007fffcd380000 - 0x00007fffcd4d1000 	C:\Windows\system32\MSCTF.dll
0x00007fffc4560000 - 0x00007fffc456c000 	C:\Users\MYU076GJ\.p2\pool\plugins\org.eclipse.justj.openjdk.hotspot.jre.full.win32.x86_64_16.0.2.v20210721-1149\jre\bin\vcruntime140_1.dll
0x00007fffa7530000 - 0x00007fffa75c1000 	C:\Users\MYU076GJ\.p2\pool\plugins\org.eclipse.justj.openjdk.hotspot.jre.full.win32.x86_64_16.0.2.v20210721-1149\jre\bin\msvcp140.dll
0x00007fffc39e0000 - 0x00007fffc39e3000 	C:\Users\MYU076GJ\.p2\pool\plugins\org.eclipse.justj.openjdk.hotspot.jre.full.win32.x86_64_16.0.2.v20210721-1149\jre\bin\api-ms-win-crt-time-l1-1-0.dll
0x00007fffc39d0000 - 0x00007fffc39d3000 	C:\Users\MYU076GJ\.p2\pool\plugins\org.eclipse.justj.openjdk.hotspot.jre.full.win32.x86_64_16.0.2.v20210721-1149\jre\bin\api-ms-win-crt-utility-l1-1-0.dll
0x00007fff7fb20000 - 0x00007fff806cb000 	C:\Users\MYU076GJ\.p2\pool\plugins\org.eclipse.justj.openjdk.hotspot.jre.full.win32.x86_64_16.0.2.v20210721-1149\jre\bin\server\jvm.dll
0x00007fffccb00000 - 0x00007fffccbaa000 	C:\Windows\system32\ADVAPI32.dll
0x00007fffc3330000 - 0x00007fffc3339000 	C:\Windows\SYSTEM32\WSOCK32.dll
0x00007fffb90c0000 - 0x00007fffb90e2000 	C:\Windows\SYSTEM32\WINMM.dll
0x00007fffc80c0000 - 0x00007fffc80ca000 	C:\Windows\SYSTEM32\VERSION.dll
0x00007fffccc70000 - 0x00007fffccc77000 	C:\Windows\system32\PSAPI.DLL
0x00007fffcf360000 - 0x00007fffcf3b8000 	C:\Windows\SYSTEM32\sechost.dll
0x00007fffcec00000 - 0x00007fffced3a000 	C:\Windows\system32\RPCRT4.dll
0x00007fffcd320000 - 0x00007fffcd37a000 	C:\Windows\system32\WS2_32.dll
0x00007fffb9090000 - 0x00007fffb90ba000 	C:\Windows\SYSTEM32\WINMMBASE.dll
0x00007fffcc660000 - 0x00007fffcc68e000 	C:\Windows\system32\SspiCli.dll
0x00007fffcd6c0000 - 0x00007fffcd6c9000 	C:\Windows\system32\NSI.dll
0x00007fffcc740000 - 0x00007fffcc78f000 	C:\Windows\SYSTEM32\cfgmgr32.dll
0x00007fffcb440000 - 0x00007fffcb468000 	C:\Windows\SYSTEM32\DEVOBJ.dll
0x00007fffc74d0000 - 0x00007fffc74da000 	C:\Users\MYU076GJ\.p2\pool\plugins\org.eclipse.justj.openjdk.hotspot.jre.full.win32.x86_64_16.0.2.v20210721-1149\jre\bin\jimage.dll
0x00007fffc3790000 - 0x00007fffc3919000 	C:\Windows\SYSTEM32\DBGHELP.DLL
0x00007fffc4c90000 - 0x00007fffc4cb5000 	C:\Users\MYU076GJ\.p2\pool\plugins\org.eclipse.justj.openjdk.hotspot.jre.full.win32.x86_64_16.0.2.v20210721-1149\jre\bin\java.dll
0x00007fffc73f0000 - 0x00007fffc7408000 	C:\Users\MYU076GJ\.p2\pool\plugins\org.eclipse.justj.openjdk.hotspot.jre.full.win32.x86_64_16.0.2.v20210721-1149\jre\bin\zip.dll
0x00007fffcd6d0000 - 0x00007fffcebfe000 	C:\Windows\system32\SHELL32.dll
0x00007fffcce90000 - 0x00007fffcd0a1000 	C:\Windows\SYSTEM32\combase.dll
0x00007fffcf010000 - 0x00007fffcf064000 	C:\Windows\system32\SHLWAPI.dll
0x00007fffcaee0000 - 0x00007fffcaf92000 	C:\Windows\SYSTEM32\SHCORE.dll
0x00007fffcc590000 - 0x00007fffcc5a5000 	C:\Windows\SYSTEM32\profapi.dll
0x00007fffc61d0000 - 0x00007fffc61e9000 	C:\Users\MYU076GJ\.p2\pool\plugins\org.eclipse.justj.openjdk.hotspot.jre.full.win32.x86_64_16.0.2.v20210721-1149\jre\bin\net.dll
0x00007fffc8b30000 - 0x00007fffc8bf9000 	C:\Windows\SYSTEM32\WINHTTP.dll
0x00007fffcbce0000 - 0x00007fffcbd39000 	C:\Windows\system32\mswsock.dll
0x00007fffc5640000 - 0x00007fffc5653000 	C:\Users\MYU076GJ\.p2\pool\plugins\org.eclipse.justj.openjdk.hotspot.jre.full.win32.x86_64_16.0.2.v20210721-1149\jre\bin\nio.dll
0x00007fffcbb50000 - 0x00007fffcbbf4000 	C:\Windows\SYSTEM32\DNSAPI.dll
0x00007fffc7880000 - 0x00007fffc788a000 	C:\Windows\System32\rasadhlp.dll
0x00007fffc8300000 - 0x00007fffc836b000 	C:\Windows\System32\fwpuclnt.dll
0x00007fffcbe30000 - 0x00007fffcbe50000 	C:\Windows\SYSTEM32\CRYPTSP.dll
0x00007fffcba80000 - 0x00007fffcbab6000 	C:\Windows\system32\rsaenh.dll
0x00007fffcc070000 - 0x00007fffcc096000 	C:\Windows\SYSTEM32\bcrypt.dll
0x00007fffcbd50000 - 0x00007fffcbd71000 	C:\Windows\SYSTEM32\USERENV.dll
0x00007fffcc390000 - 0x00007fffcc3f3000 	C:\Windows\system32\bcryptprimitives.dll
0x00007fffcc400000 - 0x00007fffcc40b000 	C:\Windows\SYSTEM32\CRYPTBASE.dll
0x00007fffc8520000 - 0x00007fffc854a000 	C:\Windows\SYSTEM32\IPHLPAPI.DLL
0x00007fffc8500000 - 0x00007fffc850a000 	C:\Windows\SYSTEM32\WINNSI.DLL
0x00007fffc82e0000 - 0x00007fffc82f6000 	C:\Windows\SYSTEM32\dhcpcsvc6.DLL
0x00007fffc82c0000 - 0x00007fffc82da000 	C:\Windows\SYSTEM32\dhcpcsvc.DLL
0x00007fffc7810000 - 0x00007fffc781e000 	C:\Users\MYU076GJ\.p2\pool\plugins\org.eclipse.justj.openjdk.hotspot.jre.full.win32.x86_64_16.0.2.v20210721-1149\jre\bin\sunmscapi.dll
0x00007fffcc8b0000 - 0x00007fffcca8e000 	C:\Windows\system32\CRYPT32.dll
0x00007fffcc040000 - 0x00007fffcc065000 	C:\Windows\SYSTEM32\ncrypt.dll
0x00007fffcc640000 - 0x00007fffcc651000 	C:\Windows\system32\MSASN1.dll
0x00007fffcbfc0000 - 0x00007fffcbff7000 	C:\Windows\SYSTEM32\NTASN1.dll
0x00007fffc7840000 - 0x00007fffc7850000 	C:\Users\MYU076GJ\.p2\pool\plugins\org.eclipse.justj.openjdk.hotspot.jre.full.win32.x86_64_16.0.2.v20210721-1149\jre\bin\verify.dll

dbghelp: loaded successfully - version: 4.0.5 - missing functions: none
symbol engine: initialized successfully - sym options: 0x614 - pdb path: .;C:\Users\MYU076GJ\.p2\pool\plugins\org.eclipse.justj.openjdk.hotspot.jre.full.win32.x86_64_16.0.2.v20210721-1149\jre\bin;C:\Windows\SYSTEM32;C:\Windows\WinSxS\amd64_microsoft.windows.common-controls_6595b64144ccf1df_6.0.9600.19394_none_62486577ecb635cf;C:\Users\MYU076GJ\.p2\pool\plugins\org.eclipse.justj.openjdk.hotspot.jre.full.win32.x86_64_16.0.2.v20210721-1149\jre\bin\server

VM Arguments:
jvm_args: -ea -Dfile.encoding=Cp1252 -XX:+ShowCodeDetailsInExceptionMessages 
java_command: org.testng.remote.RemoteTestNG -serport 54296 -protocol json -d C:\Users\MYU076GJ\eclpse-workspace-2021\LGSTest\test-output C:\Users\MYU076GJ\AppData\Local\Temp\2\testng-eclipse-969566007\testng-customsuite.xml
java_class_path (initial): C:\Users\MYU076GJ\eclipse\java-2021-06\eclipse\configuration\org.eclipse.osgi\442\0\.cp\lib\testng-remote.jar;C:\Users\MYU076GJ\eclpse-workspace-2021\LGSTest\target\test-classes;C:\Users\MYU076GJ\eclpse-workspace-2021\LGSTest\target\classes;C:\Users\MYU076GJ\.p2\pool\plugins\org.testng_7.4.0.r202105021533.jar;C:\Users\MYU076GJ\.p2\pool\plugins\com.beust.jcommander_1.78.0.jar;C:\Users\MYU076GJ\.p2\pool\plugins\org.apache-extras.beanshell.bsh_2.0.0.b6.jar;C:\Users\MYU076GJ\.p2\pool\plugins\org.yaml.snakeyaml_1.21.0.jar;C:\Users\MYU076GJ\.p2\pool\plugins\org.webjars.jquery_3.5.1.jar;C:\Users\MYU076GJ\.m2\repository\org\seleniumhq\selenium\selenium-java\3.141.59\selenium-java-3.141.59.jar;C:\Users\MYU076GJ\.m2\repository\org\seleniumhq\selenium\selenium-api\3.141.59\selenium-api-3.141.59.jar;C:\Users\MYU076GJ\.m2\repository\org\seleniumhq\selenium\selenium-chrome-driver\3.141.59\selenium-chrome-driver-3.141.59.jar;C:\Users\MYU076GJ\.m2\repository\org\seleniumhq\selenium\selenium-edge-driver\3.141.59\selenium-edge-driver-3.141.59.jar;C:\Users\MYU076GJ\.m2\repository\org\seleniumhq\selenium\selenium-firefox-driver\3.141.59\selenium-firefox-driver-3.141.59.jar;C:\Users\MYU076GJ\.m2\repository\org\seleniumhq\selenium\selenium-ie-driver\3.141.59\selenium-ie-driver-3.141.59.jar;C:\Users\MYU076GJ\.m2\repository\org\seleniumhq\selenium\selenium-opera-driver\3.141.59\selenium-opera-driver-3.141.59.jar;C:\Users\MYU076GJ\.m2\repository\org\seleniumhq\selenium\selenium-remote-driver\3.141.59\selenium-remote-driver-3.141.59.jar;C:\Users\MYU076GJ\.m2\repository\org\seleniumhq\selenium\selenium-safari-driver\3.141.59\selenium-safari-driver-3.141.59.jar;C:\Users\MYU076GJ\.m2\repository\org\seleniumhq\selenium\selenium-support\3.141.59\selenium-support-3.141.59.jar;C:\Users\MYU076GJ\.m2\repository\net\bytebuddy\byte-buddy\1.8.15\byte-buddy-1.8.15.jar;C:\Users\MYU076GJ\.m2\repository\org\apache\commons\commons-exec\1.3\commons-exec-1.3.jar;C:\Users\MYU076GJ\.
Launcher Type: SUN_STANDARD

[Global flags]
     intx CICompilerCount                          = 2                                         {product} {ergonomic}
     uint ConcGCThreads                            = 1                                         {product} {ergonomic}
     uint G1ConcRefinementThreads                  = 2                                         {product} {ergonomic}
   size_t G1HeapRegionSize                         = 1048576                                   {product} {ergonomic}
    uintx GCDrainStackTargetSize                   = 64                                        {product} {ergonomic}
   size_t InitialHeapSize                          = 134217728                                 {product} {ergonomic}
   size_t MarkStackSize                            = 4194304                                   {product} {ergonomic}
   size_t MaxHeapSize                              = 2147483648                                {product} {ergonomic}
   size_t MaxNewSize                               = 1287651328                                {product} {ergonomic}
   size_t MinHeapDeltaBytes                        = 1048576                                   {product} {ergonomic}
   size_t MinHeapSize                              = 8388608                                   {product} {ergonomic}
    uintx NonNMethodCodeHeapSize                   = 5826188                                {pd product} {ergonomic}
    uintx NonProfiledCodeHeapSize                  = 122916026                              {pd product} {ergonomic}
    uintx ProfiledCodeHeapSize                     = 122916026                              {pd product} {ergonomic}
    uintx ReservedCodeCacheSize                    = 251658240                              {pd product} {ergonomic}
     bool SegmentedCodeCache                       = true                                      {product} {ergonomic}
     bool ShowCodeDetailsInExceptionMessages       = true                                   {manageable} {command line}
   size_t SoftMaxHeapSize                          = 2147483648                             {manageable} {ergonomic}
     bool UseCompressedClassPointers               = true                           {product lp64_product} {ergonomic}
     bool UseCompressedOops                        = true                           {product lp64_product} {ergonomic}
     bool UseG1GC                                  = true                                      {product} {ergonomic}
     bool UseLargePagesIndividualAllocation        = false                                  {pd product} {ergonomic}

Logging:
Log output configuration:
 #0: stdout all=warning uptime,level,tags
 #1: stderr all=off uptime,level,tags

Environment Variables:
JAVA_HOME=C:\Program Files\Java\jdk1.8.0_281
PATH=C:/Users/MYU076GJ/.p2/pool/plugins/org.eclipse.justj.openjdk.hotspot.jre.full.win32.x86_64_16.0.2.v20210721-1149/jre/bin/server;C:/Users/MYU076GJ/.p2/pool/plugins/org.eclipse.justj.openjdk.hotspot.jre.full.win32.x86_64_16.0.2.v20210721-1149/jre/bin;C:\Program Files (x86)\Common Files\Oracle\Java\javapath;E:\app\client\myu076gj\product\12.2.0\client_1;E:\app\client\myu076gj\product\12.2.0\client_1\bin;E:\app\client\myu076gj\product\12.2.0\client_2;E:\app\client\myu076gj\product\12.2.0\client_2\bin;C:\ProgramData\Oracle\Java\javapath;C:\Windows\system32;C:\Windows;C:\Windows\System32\Wbem;C:\Windows\System32\WindowsPowerShell\v1.0\;C:\Program Files\Microsoft Network Monitor 3\;c:\Program Files (x86)\Microsoft ASP.NET\ASP.NET Web Pages\v1.0\;E:\Applications\Debugging Tools for Windows\Windows Performance Toolkit\;E:\Applications\Microsoft SQL Server\110\DTS\Binn\;E:\Applications (x86)\Microsoft SQL Server\110\Tools\Binn\;E:\Applications\Microsoft SQL Server\110\Tools\Binn\;E:\Applications (x86)\Microsoft SQL Server\110\Tools\Binn\ManagementStudio\;C:\Program Files (x86)\Microsoft Visual Studio 10.0\Common7\IDE\PrivateAssemblies\;E:\Applications (x86)\Microsoft SQL Server\110\DTS\Binn\;C:\Program Files (x86)\Microsoft SDKs\TypeScript\1.0\;E:\Applications\Microsoft SQL Server\120\Tools\Binn\;E:\Applications\IBM\Client Access\Emulator;E:\Applications\IBM\Client Access\Shared;E:\Applications\IBM\Client Access\;C:\Program Files\Git\cmd;C:\Users\MYU076GJ\AppData\Local\Android\Sdk\platform-tools;C:\Program Files\Java\jdk1.8.0_281\bin;C:\Users\MYU076GJ\Documents\Selenium;C:\Users\MYU076GJ\Documents\GCCAutomationTest - Local Run\qa-automation-framework\node_modules\.bin;C:\Program Files\Git\bin;E:\Applications\Microsoft SQL Server\130\Tools\Binn\;E:\Applications\Microsoft SQL Server\Client SDK\ODBC\170\Tools\Binn\;C:\Program Files\Amazon\AWSCLIV2\;C:\Program Files\PowerShell\7\;C:\oracle\instantclient_19_9;E:\Applications (x86)\Microsoft SQL Server\150\DTS\Binn\;C:\Program Fi
USERNAME=myu076gj
OS=Windows_NT
PROCESSOR_IDENTIFIER=Intel64 Family 6 Model 79 Stepping 1, GenuineIntel



---------------  S Y S T E M  ---------------

OS:
 Windows Server 2012 R2 , 64 bit Build 9600 (6.3.9600.20062)
OS uptime: 16 days 23:50 hours
VMWare virtualization detected

CPU: total 2 (initial active 2) (1 cores per cpu, 1 threads per core) family 6 model 79 stepping 1 microcode 0xb000038, cx8, cmov, fxsr, mmx, 3dnowpref, sse, sse2, sse3, ssse3, sse4.1, sse4.2, popcnt, lzcnt, tsc, tscinvbit, avx, avx2, aes, erms, clmul, bmi1, bmi2, adx, fma, vzeroupper, clflush, hv

Memory: 4k page, system-wide physical 8191M (135M free)
TotalPageFile size 11263M (AvailPageFile size 4M)
current process WorkingSet (physical memory assigned to process): 99M, peak: 114M
current process commit charge ("private bytes"): 121M, peak: 224M

vm_info: OpenJDK 64-Bit Server VM (16.0.2+7-67) for windows-amd64 JRE (16.0.2+7-67), built on Jun  8 2021 23:21:43 by "mach5one" with MS VC++ 16.7 (VS2019)

END.
