#
# There is insufficient memory for the Java Runtime Environment to continue.
# Native memory allocation (malloc) failed to allocate 622000 bytes for Chunk::new
# Possible reasons:
#   The system is out of physical RAM or swap space
#   The process is running with CompressedOops enabled, and the Java Heap may be blocking the growth of the native heap
# Possible solutions:
#   Reduce memory load on the system
#   Increase physical memory or swap space
#   Check if swap backing store is full
#   Decrease Java heap size (-Xmx/-Xms)
#   Decrease number of Java threads
#   Decrease Java thread stack sizes (-Xss)
#   Set larger code cache with -XX:ReservedCodeCacheSize=
#   JVM is running with Unscaled Compressed Oops mode in which the Java heap is
#     placed in the first 4GB address space. The Java Heap base address is the
#     maximum limit for the native heap growth. Please use -XX:HeapBaseMinAddress
#     to set the Java Heap base and to place the Java Heap above 4GB virtual address.
# This output file may be truncated or incomplete.
#
#  Out of Memory Error (arena.cpp:195), pid=3680, tid=876
#
# JRE version: OpenJDK Runtime Environment (16.0.2+7) (build 16.0.2+7-67)
# Java VM: OpenJDK 64-Bit Server VM (16.0.2+7-67, mixed mode, tiered, compressed oops, compressed class ptrs, g1 gc, windows-amd64)
# Core dump will be written. Default location: C:\Users\MYU076GJ\eclpse-workspace-2021\LGSTest\hs_err_pid3680.mdmp
#

---------------  S U M M A R Y ------------

Command Line: -ea -Dfile.encoding=Cp1252 -XX:+ShowCodeDetailsInExceptionMessages org.testng.remote.RemoteTestNG -serport 24236 -protocol json -d C:\Users\MYU076GJ\eclpse-workspace-2021\LGSTest\test-output C:\Users\MYU076GJ\AppData\Local\Temp\2\testng-eclipse--386249960\testng-customsuite.xml

Host: Intel(R) Xeon(R) CPU E5-2680 v4 @ 2.40GHz, 2 cores, 7G,  Windows Server 2012 R2 , 64 bit Build 9600 (6.3.9600.20062)
Time: Sun Oct 10 14:05:44 2021 Malay Peninsula Standard Time elapsed time: 8.356769 seconds (0d 0h 0m 8s)

---------------  T H R E A D  ---------------

Current thread (0x00000010405015d0):  JavaThread "C2 CompilerThread0" daemon [_thread_in_native, id=876, stack(0x0000001040ce0000,0x0000001040de0000)]


Current CompileTask:
C2:   8356 2363       4       freemarker.template.Template$LineTableBuilder::handleChar (202 bytes)

Stack: [0x0000001040ce0000,0x0000001040de0000]
Native frames: (J=compiled Java code, j=interpreted, Vv=VM code, C=native code)
V  [jvm.dll+0x6681ca]
V  [jvm.dll+0x7c9e69]
V  [jvm.dll+0x7cb61e]
V  [jvm.dll+0x7cbc73]
V  [jvm.dll+0x242c55]
V  [jvm.dll+0xadeba]
V  [jvm.dll+0xae45c]
V  [jvm.dll+0x35a8d7]
V  [jvm.dll+0x324de1]
V  [jvm.dll+0x32428a]
V  [jvm.dll+0x215cec]
V  [jvm.dll+0x215100]
V  [jvm.dll+0x1a1beb]
V  [jvm.dll+0x225158]
V  [jvm.dll+0x22319c]
V  [jvm.dll+0x77fa62]
V  [jvm.dll+0x7795aa]
V  [jvm.dll+0x667066]
C  [ucrtbase.DLL+0x1d912]
C  [KERNEL32.DLL+0x1412]
C  [ntdll.dll+0x154f4]


---------------  P R O C E S S  ---------------

Threads class SMR info:
_java_thread_list=0x00000010432e4d10, length=19, elements={
0x000000102625d610, 0x000000103f67ecc0, 0x000000103f67fb80, 0x000000103f6be4e0,
0x00000010404fc280, 0x00000010404fce80, 0x00000010404ff890, 0x00000010405015d0,
0x000000104050e200, 0x0000001040515440, 0x000000104063a2e0, 0x000000104064e010,
0x00000010416f1260, 0x0000001042a0a850, 0x000000104295b7a0, 0x00000010432d2020,
0x00000010432d2540, 0x00000010429d05d0, 0x00000010429ceb40
}

Java Threads: ( => current thread )
  0x000000102625d610 JavaThread "main" [_thread_in_vm, id=6680, stack(0x0000001024170000,0x0000001024270000)]
  0x000000103f67ecc0 JavaThread "Reference Handler" daemon [_thread_blocked, id=7100, stack(0x000000103f9c0000,0x000000103fac0000)]
  0x000000103f67fb80 JavaThread "Finalizer" daemon [_thread_blocked, id=9204, stack(0x000000103fac0000,0x000000103fbc0000)]
  0x000000103f6be4e0 JavaThread "Signal Dispatcher" daemon [_thread_blocked, id=5368, stack(0x00000010408e0000,0x00000010409e0000)]
  0x00000010404fc280 JavaThread "Attach Listener" daemon [_thread_blocked, id=9068, stack(0x00000010409e0000,0x0000001040ae0000)]
  0x00000010404fce80 JavaThread "Service Thread" daemon [_thread_blocked, id=1544, stack(0x0000001040ae0000,0x0000001040be0000)]
  0x00000010404ff890 JavaThread "Monitor Deflation Thread" daemon [_thread_blocked, id=7812, stack(0x0000001040be0000,0x0000001040ce0000)]
=>0x00000010405015d0 JavaThread "C2 CompilerThread0" daemon [_thread_in_native, id=876, stack(0x0000001040ce0000,0x0000001040de0000)]
  0x000000104050e200 JavaThread "C1 CompilerThread0" daemon [_thread_blocked, id=6600, stack(0x0000001040de0000,0x0000001040ee0000)]
  0x0000001040515440 JavaThread "Sweeper thread" daemon [_thread_blocked, id=8556, stack(0x0000001040ee0000,0x0000001040fe0000)]
  0x000000104063a2e0 JavaThread "Notification Thread" daemon [_thread_blocked, id=1088, stack(0x0000001040fe0000,0x00000010410e0000)]
  0x000000104064e010 JavaThread "Common-Cleaner" daemon [_thread_blocked, id=7836, stack(0x00000010411e0000,0x00000010412e0000)]
  0x00000010416f1260 JavaThread "ReaderThread" [_thread_in_native, id=8040, stack(0x0000001042800000,0x0000001042900000)]
  0x0000001042a0a850 JavaThread "Exec Default Executor" daemon [_thread_in_native, id=7344, stack(0x00000010438d0000,0x00000010439d0000)]
  0x000000104295b7a0 JavaThread "UrlChecker-2" daemon [_thread_blocked, id=2840, stack(0x00000010439d0000,0x0000001043ad0000)]
  0x00000010432d2020 JavaThread "Exec Stream Pumper" daemon [_thread_in_native, id=8916, stack(0x0000001043ad0000,0x0000001043bd0000)]
  0x00000010432d2540 JavaThread "Exec Stream Pumper" daemon [_thread_in_native, id=8452, stack(0x0000001044400000,0x0000001044500000)]
  0x00000010429d05d0 JavaThread "OkHttp ConnectionPool" daemon [_thread_blocked, id=9124, stack(0x0000001044600000,0x0000001044700000)]
  0x00000010429ceb40 JavaThread "Okio Watchdog" daemon [_thread_blocked, id=8656, stack(0x0000001044800000,0x0000001044900000)]

Other Threads:
  0x000000103f679d10 VMThread "VM Thread" [stack: 0x000000103f8c0000,0x000000103f9c0000] [id=9172]
  0x000000104063ac10 WatcherThread [stack: 0x00000010410e0000,0x00000010411e0000] [id=9144]
  0x000000102629ae40 GCTaskThread "GC Thread#0" [stack: 0x000000103cfa0000,0x000000103d0a0000] [id=8236]
  0x0000001041480b90 GCTaskThread "GC Thread#1" [stack: 0x0000001041ae0000,0x0000001041be0000] [id=344]
  0x00000010262abf80 ConcurrentGCThread "G1 Main Marker" [stack: 0x000000103d0a0000,0x000000103d1a0000] [id=8268]
  0x00000010262ad630 ConcurrentGCThread "G1 Conc#0" [stack: 0x000000103d1a0000,0x000000103d2a0000] [id=8752]
  0x00000010262fc2f0 ConcurrentGCThread "G1 Refine#0" [stack: 0x000000103f6c0000,0x000000103f7c0000] [id=1536]
  0x00000010262fd590 ConcurrentGCThread "G1 Service" [stack: 0x000000103f7c0000,0x000000103f8c0000] [id=9088]

Threads with active compile tasks:
C2 CompilerThread0     8402 2363       4       freemarker.template.Template$LineTableBuilder::handleChar (202 bytes)

VM state: not at safepoint (normal execution)

VM Mutex/Monitor currently owned by a thread: None

Heap address: 0x0000000080000000, size: 2048 MB, Compressed Oops mode: 32-bit

CDS disabled.
Compressed class space mapped at: 0x0000000100000000-0x0000000140000000, reserved size: 1073741824
Narrow klass base: 0x0000000000000000, Narrow klass shift: 3, Narrow klass range: 0x140000000

GC Precious Log:
 CPUs: 2 total, 2 available
 Memory: 8191M
 Large Page Support: Disabled
 NUMA Support: Disabled
 Compressed Oops: Enabled (32-bit)
 Heap Region Size: 1M
 Heap Min Capacity: 8M
 Heap Initial Capacity: 128M
 Heap Max Capacity: 2G
 Pre-touch: Disabled
 Parallel Workers: 2
 Concurrent Workers: 1
 Concurrent Refinement Workers: 2
 Periodic GC: Disabled

Heap:
 garbage-first heap   total 77824K, used 35246K [0x0000000080000000, 0x0000000100000000)
  region size 1024K, 27 young (27648K), 3 survivors (3072K)
 Metaspace       used 30201K, committed 30528K, reserved 1081344K
  class space    used 3364K, committed 3520K, reserved 1048576K

Heap Regions: E=young(eden), S=young(survivor), O=old, HS=humongous(starts), HC=humongous(continues), CS=collection set, F=free, OA=open archive, CA=closed archive, TAMS=top-at-mark-start (previous, next)
|   0|0x0000000080000000, 0x0000000080100000, 0x0000000080100000|100%| O|  |TAMS 0x0000000080100000, 0x0000000080000000| Untracked 
|   1|0x0000000080100000, 0x0000000080200000, 0x0000000080200000|100%| O|  |TAMS 0x0000000080200000, 0x0000000080100000| Untracked 
|   2|0x0000000080200000, 0x00000000802ee200, 0x0000000080300000| 93%| O|  |TAMS 0x00000000802ee200, 0x0000000080200000| Untracked 
|   3|0x0000000080300000, 0x00000000803ffff8, 0x0000000080400000| 99%| O|  |TAMS 0x0000000080300000, 0x0000000080300000| Untracked 
|   4|0x0000000080400000, 0x0000000080500000, 0x0000000080500000|100%| O|  |TAMS 0x0000000080400000, 0x0000000080400000| Untracked 
|   5|0x0000000080500000, 0x0000000080600000, 0x0000000080600000|100%| O|  |TAMS 0x0000000080500000, 0x0000000080500000| Untracked 
|   6|0x0000000080600000, 0x0000000080700000, 0x0000000080700000|100%| O|  |TAMS 0x0000000080600000, 0x0000000080600000| Untracked 
|   7|0x0000000080700000, 0x000000008079b400, 0x0000000080800000| 60%| O|  |TAMS 0x0000000080700000, 0x0000000080700000| Untracked 
|   8|0x0000000080800000, 0x0000000080900000, 0x0000000080900000|100%|HS|  |TAMS 0x0000000080800000, 0x0000000080800000| Complete 
|   9|0x0000000080900000, 0x0000000080a00000, 0x0000000080a00000|100%|HS|  |TAMS 0x0000000080900000, 0x0000000080900000| Complete 
|  10|0x0000000080a00000, 0x0000000080a00000, 0x0000000080b00000|  0%| F|  |TAMS 0x0000000080a00000, 0x0000000080a00000| Untracked 
|  11|0x0000000080b00000, 0x0000000080b00000, 0x0000000080c00000|  0%| F|  |TAMS 0x0000000080b00000, 0x0000000080b00000| Untracked 
|  12|0x0000000080c00000, 0x0000000080c00000, 0x0000000080d00000|  0%| F|  |TAMS 0x0000000080c00000, 0x0000000080c00000| Untracked 
|  13|0x0000000080d00000, 0x0000000080d00000, 0x0000000080e00000|  0%| F|  |TAMS 0x0000000080d00000, 0x0000000080d00000| Untracked 
|  14|0x0000000080e00000, 0x0000000080e00000, 0x0000000080f00000|  0%| F|  |TAMS 0x0000000080e00000, 0x0000000080e00000| Untracked 
|  15|0x0000000080f00000, 0x0000000080f00000, 0x0000000081000000|  0%| F|  |TAMS 0x0000000080f00000, 0x0000000080f00000| Untracked 
|  16|0x0000000081000000, 0x0000000081000000, 0x0000000081100000|  0%| F|  |TAMS 0x0000000081000000, 0x0000000081000000| Untracked 
|  17|0x0000000081100000, 0x0000000081100000, 0x0000000081200000|  0%| F|  |TAMS 0x0000000081100000, 0x0000000081100000| Untracked 
|  18|0x0000000081200000, 0x0000000081200000, 0x0000000081300000|  0%| F|  |TAMS 0x0000000081200000, 0x0000000081200000| Untracked 
|  19|0x0000000081300000, 0x0000000081300000, 0x0000000081400000|  0%| F|  |TAMS 0x0000000081300000, 0x0000000081300000| Untracked 
|  20|0x0000000081400000, 0x0000000081400000, 0x0000000081500000|  0%| F|  |TAMS 0x0000000081400000, 0x0000000081400000| Untracked 
|  21|0x0000000081500000, 0x0000000081500000, 0x0000000081600000|  0%| F|  |TAMS 0x0000000081500000, 0x0000000081500000| Untracked 
|  22|0x0000000081600000, 0x0000000081600000, 0x0000000081700000|  0%| F|  |TAMS 0x0000000081600000, 0x0000000081600000| Untracked 
|  23|0x0000000081700000, 0x0000000081700000, 0x0000000081800000|  0%| F|  |TAMS 0x0000000081700000, 0x0000000081700000| Untracked 
|  24|0x0000000081800000, 0x0000000081800000, 0x0000000081900000|  0%| F|  |TAMS 0x0000000081800000, 0x0000000081800000| Untracked 
|  25|0x0000000081900000, 0x0000000081900000, 0x0000000081a00000|  0%| F|  |TAMS 0x0000000081900000, 0x0000000081900000| Untracked 
|  26|0x0000000081a00000, 0x0000000081a00000, 0x0000000081b00000|  0%| F|  |TAMS 0x0000000081a00000, 0x0000000081a00000| Untracked 
|  27|0x0000000081b00000, 0x0000000081b00000, 0x0000000081c00000|  0%| F|  |TAMS 0x0000000081b00000, 0x0000000081b00000| Untracked 
|  28|0x0000000081c00000, 0x0000000081c00000, 0x0000000081d00000|  0%| F|  |TAMS 0x0000000081c00000, 0x0000000081c00000| Untracked 
|  29|0x0000000081d00000, 0x0000000081de2290, 0x0000000081e00000| 88%| S|CS|TAMS 0x0000000081d00000, 0x0000000081d00000| Complete 
|  30|0x0000000081e00000, 0x0000000081f00000, 0x0000000081f00000|100%| S|CS|TAMS 0x0000000081e00000, 0x0000000081e00000| Complete 
|  31|0x0000000081f00000, 0x0000000082000000, 0x0000000082000000|100%| S|CS|TAMS 0x0000000081f00000, 0x0000000081f00000| Complete 
|  32|0x0000000082000000, 0x0000000082000000, 0x0000000082100000|  0%| F|  |TAMS 0x0000000082000000, 0x0000000082000000| Untracked 
|  33|0x0000000082100000, 0x0000000082100000, 0x0000000082200000|  0%| F|  |TAMS 0x0000000082100000, 0x0000000082100000| Untracked 
|  34|0x0000000082200000, 0x0000000082200000, 0x0000000082300000|  0%| F|  |TAMS 0x0000000082200000, 0x0000000082200000| Untracked 
|  35|0x0000000082300000, 0x0000000082300000, 0x0000000082400000|  0%| F|  |TAMS 0x0000000082300000, 0x0000000082300000| Untracked 
|  36|0x0000000082400000, 0x0000000082400000, 0x0000000082500000|  0%| F|  |TAMS 0x0000000082400000, 0x0000000082400000| Untracked 
|  37|0x0000000082500000, 0x0000000082500000, 0x0000000082600000|  0%| F|  |TAMS 0x0000000082500000, 0x0000000082500000| Untracked 
|  38|0x0000000082600000, 0x0000000082600000, 0x0000000082700000|  0%| F|  |TAMS 0x0000000082600000, 0x0000000082600000| Untracked 
|  39|0x0000000082700000, 0x0000000082700000, 0x0000000082800000|  0%| F|  |TAMS 0x0000000082700000, 0x0000000082700000| Untracked 
|  40|0x0000000082800000, 0x0000000082800000, 0x0000000082900000|  0%| F|  |TAMS 0x0000000082800000, 0x0000000082800000| Untracked 
|  41|0x0000000082900000, 0x0000000082900000, 0x0000000082a00000|  0%| F|  |TAMS 0x0000000082900000, 0x0000000082900000| Untracked 
|  42|0x0000000082a00000, 0x0000000082a00000, 0x0000000082b00000|  0%| F|  |TAMS 0x0000000082a00000, 0x0000000082a00000| Untracked 
|  43|0x0000000082b00000, 0x0000000082b00000, 0x0000000082c00000|  0%| F|  |TAMS 0x0000000082b00000, 0x0000000082b00000| Untracked 
|  44|0x0000000082c00000, 0x0000000082c00000, 0x0000000082d00000|  0%| F|  |TAMS 0x0000000082c00000, 0x0000000082c00000| Untracked 
|  45|0x0000000082d00000, 0x0000000082d00000, 0x0000000082e00000|  0%| F|  |TAMS 0x0000000082d00000, 0x0000000082d00000| Untracked 
|  46|0x0000000082e00000, 0x0000000082e00000, 0x0000000082f00000|  0%| F|  |TAMS 0x0000000082e00000, 0x0000000082e00000| Untracked 
|  47|0x0000000082f00000, 0x0000000082f00000, 0x0000000083000000|  0%| F|  |TAMS 0x0000000082f00000, 0x0000000082f00000| Untracked 
|  48|0x0000000083000000, 0x0000000083000000, 0x0000000083100000|  0%| F|  |TAMS 0x0000000083000000, 0x0000000083000000| Untracked 
|  49|0x0000000083100000, 0x0000000083100000, 0x0000000083200000|  0%| F|  |TAMS 0x0000000083100000, 0x0000000083100000| Untracked 
|  50|0x0000000083200000, 0x0000000083200000, 0x0000000083300000|  0%| F|  |TAMS 0x0000000083200000, 0x0000000083200000| Untracked 
|  51|0x0000000083300000, 0x0000000083300000, 0x0000000083400000|  0%| F|  |TAMS 0x0000000083300000, 0x0000000083300000| Untracked 
|  52|0x0000000083400000, 0x0000000083500000, 0x0000000083500000|100%| E|  |TAMS 0x0000000083400000, 0x0000000083400000| Complete 
|  53|0x0000000083500000, 0x0000000083600000, 0x0000000083600000|100%| E|CS|TAMS 0x0000000083500000, 0x0000000083500000| Complete 
|  54|0x0000000083600000, 0x0000000083700000, 0x0000000083700000|100%| E|CS|TAMS 0x0000000083600000, 0x0000000083600000| Complete 
|  55|0x0000000083700000, 0x0000000083800000, 0x0000000083800000|100%| E|CS|TAMS 0x0000000083700000, 0x0000000083700000| Complete 
|  56|0x0000000083800000, 0x0000000083900000, 0x0000000083900000|100%| E|CS|TAMS 0x0000000083800000, 0x0000000083800000| Complete 
|  57|0x0000000083900000, 0x0000000083a00000, 0x0000000083a00000|100%| E|CS|TAMS 0x0000000083900000, 0x0000000083900000| Complete 
|  58|0x0000000083a00000, 0x0000000083b00000, 0x0000000083b00000|100%| E|CS|TAMS 0x0000000083a00000, 0x0000000083a00000| Complete 
|  59|0x0000000083b00000, 0x0000000083c00000, 0x0000000083c00000|100%| E|CS|TAMS 0x0000000083b00000, 0x0000000083b00000| Complete 
|  60|0x0000000083c00000, 0x0000000083d00000, 0x0000000083d00000|100%| E|CS|TAMS 0x0000000083c00000, 0x0000000083c00000| Complete 
|  61|0x0000000083d00000, 0x0000000083e00000, 0x0000000083e00000|100%| E|CS|TAMS 0x0000000083d00000, 0x0000000083d00000| Complete 
|  62|0x0000000083e00000, 0x0000000083f00000, 0x0000000083f00000|100%| E|CS|TAMS 0x0000000083e00000, 0x0000000083e00000| Complete 
|  63|0x0000000083f00000, 0x0000000084000000, 0x0000000084000000|100%| E|CS|TAMS 0x0000000083f00000, 0x0000000083f00000| Complete 
|  64|0x0000000084000000, 0x0000000084100000, 0x0000000084100000|100%| E|CS|TAMS 0x0000000084000000, 0x0000000084000000| Complete 
|  65|0x0000000084100000, 0x0000000084200000, 0x0000000084200000|100%| E|CS|TAMS 0x0000000084100000, 0x0000000084100000| Complete 
|  66|0x0000000084200000, 0x0000000084300000, 0x0000000084300000|100%| E|  |TAMS 0x0000000084200000, 0x0000000084200000| Complete 
|  67|0x0000000084300000, 0x0000000084400000, 0x0000000084400000|100%| E|CS|TAMS 0x0000000084300000, 0x0000000084300000| Complete 
|  68|0x0000000084400000, 0x0000000084500000, 0x0000000084500000|100%| E|CS|TAMS 0x0000000084400000, 0x0000000084400000| Complete 
|  69|0x0000000084500000, 0x0000000084600000, 0x0000000084600000|100%| E|CS|TAMS 0x0000000084500000, 0x0000000084500000| Complete 
|  70|0x0000000084600000, 0x0000000084700000, 0x0000000084700000|100%| E|CS|TAMS 0x0000000084600000, 0x0000000084600000| Complete 
|  71|0x0000000084700000, 0x0000000084800000, 0x0000000084800000|100%| E|CS|TAMS 0x0000000084700000, 0x0000000084700000| Complete 
| 105|0x0000000086900000, 0x0000000086a00000, 0x0000000086a00000|100%| E|CS|TAMS 0x0000000086900000, 0x0000000086900000| Complete 
| 106|0x0000000086a00000, 0x0000000086b00000, 0x0000000086b00000|100%| E|CS|TAMS 0x0000000086a00000, 0x0000000086a00000| Complete 
| 107|0x0000000086b00000, 0x0000000086c00000, 0x0000000086c00000|100%| E|CS|TAMS 0x0000000086b00000, 0x0000000086b00000| Complete 
| 108|0x0000000086c00000, 0x0000000086d00000, 0x0000000086d00000|100%| E|CS|TAMS 0x0000000086c00000, 0x0000000086c00000| Complete 

Card table byte_map: [0x00000010387a0000,0x0000001038ba0000] _byte_map_base: 0x00000010383a0000

Marking Bits (Prev, Next): (CMBitMap*) 0x000000102629b570, (CMBitMap*) 0x000000102629b530
 Prev Bits: [0x000000103afa0000, 0x000000103cfa0000)
 Next Bits: [0x0000001038fa0000, 0x000000103afa0000)

Polling page: 0x0000001024040000

Metaspace:

Usage:
  Non-class:     26.21 MB used.
      Class:      3.29 MB used.
       Both:     29.49 MB used.

Virtual space:
  Non-class space:       32.00 MB reserved,      26.38 MB ( 82%) committed,  4 nodes.
      Class space:        1.00 GB reserved,       3.44 MB ( <1%) committed,  1 nodes.
              Both:        1.03 GB reserved,      29.81 MB (  3%) committed. 

Chunk freelists:
   Non-Class:  1.23 MB
       Class:  558.00 KB
        Both:  1.78 MB

MaxMetaspaceSize: 17179869184.00 GB
CompressedClassSpaceSize: 1.00 GB
 - commit_granule_bytes: 65536.
 - commit_granule_words: 8192.
 - virtual_space_node_default_size: 1048576.
 - enlarge_chunks_in_place: 1.
 - new_chunks_are_fully_committed: 0.
 - uncommit_free_chunks: 1.
 - use_allocation_guard: 0.
 - handle_deallocations: 1.


Internal statistics:

num_allocs_failed_limit: 3.
num_arena_births: 190.
num_arena_deaths: 0.
num_vsnodes_births: 5.
num_vsnodes_deaths: 0.
num_space_committed: 476.
num_space_uncommitted: 0.
num_chunks_returned_to_freelist: 3.
num_chunks_taken_from_freelist: 760.
num_chunk_merges: 0.
num_chunk_splits: 498.
num_chunks_enlarged: 369.
num_purges: 0.

CodeHeap 'non-profiled nmethods': size=120064Kb used=877Kb max_used=877Kb free=119186Kb
 bounds [0x0000001031260000, 0x00000010314d0000, 0x00000010387a0000]
CodeHeap 'profiled nmethods': size=120000Kb used=5032Kb max_used=5032Kb free=114967Kb
 bounds [0x0000001029d30000, 0x000000102a220000, 0x0000001031260000]
CodeHeap 'non-nmethods': size=5696Kb used=1252Kb max_used=1268Kb free=4443Kb
 bounds [0x00000010297a0000, 0x0000001029a10000, 0x0000001029d30000]
 total_blobs=2974 nmethods=2407 adapters=479
 compilation: enabled
              stopped_count=0, restarted_count=0
 full_count=0

Compilation events (20 events):
Event: 8.348 Thread 0x000000104050e200 nmethod 2365 0x000000102a1f6010 code [0x000000102a1f61c0, 0x000000102a1f6378]
Event: 8.349 Thread 0x000000104050e200 2366       3       freemarker.core.TemplateObject::setLocation (22 bytes)
Event: 8.349 Thread 0x000000104050e200 nmethod 2366 0x000000102a1f6490 code [0x000000102a1f6640, 0x000000102a1f6828]
Event: 8.349 Thread 0x000000104050e200 2367       3       java.lang.AbstractStringBuilder::appendChars (130 bytes)
Event: 8.350 Thread 0x000000104050e200 nmethod 2367 0x000000102a1f6910 code [0x000000102a1f6b20, 0x000000102a1f70c8]
Event: 8.351 Thread 0x000000104050e200 2368       3       freemarker.core.TemplateElement::getLastLeaf (33 bytes)
Event: 8.351 Thread 0x000000104050e200 nmethod 2368 0x000000102a1f7390 code [0x000000102a1f7560, 0x000000102a1f7b78]
Event: 8.351 Thread 0x000000104050e200 2369       3       freemarker.core.TemplateElement::getFirstLeaf (33 bytes)
Event: 8.352 Thread 0x000000104050e200 nmethod 2369 0x000000102a1f7d10 code [0x000000102a1f7ee0, 0x000000102a1f84f8]
Event: 8.352 Thread 0x000000104050e200 2370       3       freemarker.core.TemplateElement::prevTerminalNode (31 bytes)
Event: 8.352 Thread 0x000000104050e200 nmethod 2370 0x000000102a1f8690 code [0x000000102a1f8900, 0x000000102a1f9568]
Event: 8.352 Thread 0x000000104050e200 2371       3       freemarker.core.TemplateElement::nextSibling (44 bytes)
Event: 8.352 Thread 0x000000104050e200 nmethod 2371 0x000000102a1f9890 code [0x000000102a1f9a40, 0x000000102a1f9c78]
Event: 8.352 Thread 0x000000104050e200 2372       3       freemarker.template.utility.StringUtil::isTrimmableToEmpty (25 bytes)
Event: 8.353 Thread 0x000000104050e200 nmethod 2372 0x000000102a1f9d90 code [0x000000102a1f9f40, 0x000000102a1fa178]
Event: 8.353 Thread 0x000000104050e200 2373       3       freemarker.core.TemplateElement::nextTerminalNode (31 bytes)
Event: 8.353 Thread 0x000000104050e200 nmethod 2373 0x000000102a1fa290 code [0x000000102a1fa4e0, 0x000000102a1fb038]
Event: 8.353 Thread 0x000000104050e200 2374       1       freemarker.core.TemplateElement::isIgnorable (2 bytes)
Event: 8.353 Thread 0x000000104050e200 nmethod 2374 0x000000103133ab10 code [0x000000103133aca0, 0x000000103133ad78]
Event: 8.354 Thread 0x000000104050e200 2375   !   3       jdk.internal.loader.BuiltinClassLoader$2::run (114 bytes)

GC Heap History (14 events):
Event: 0.598 GC heap before
{Heap before GC invocations=0 (full 0):
 garbage-first heap   total 131072K, used 5120K [0x0000000080000000, 0x0000000100000000)
  region size 1024K, 6 young (6144K), 0 survivors (0K)
 Metaspace       used 7891K, committed 7936K, reserved 1056768K
  class space    used 679K, committed 704K, reserved 1048576K
}
Event: 0.604 GC heap after
{Heap after GC invocations=1 (full 0):
 garbage-first heap   total 131072K, used 2985K [0x0000000080000000, 0x0000000100000000)
  region size 1024K, 1 young (1024K), 1 survivors (1024K)
 Metaspace       used 7891K, committed 7936K, reserved 1056768K
  class space    used 679K, committed 704K, reserved 1048576K
}
Event: 1.007 GC heap before
{Heap before GC invocations=1 (full 0):
 garbage-first heap   total 131072K, used 8105K [0x0000000080000000, 0x0000000100000000)
  region size 1024K, 6 young (6144K), 1 survivors (1024K)
 Metaspace       used 12335K, committed 12480K, reserved 1064960K
  class space    used 1152K, committed 1216K, reserved 1048576K
}
Event: 1.014 GC heap after
{Heap after GC invocations=2 (full 0):
 garbage-first heap   total 131072K, used 3913K [0x0000000080000000, 0x0000000100000000)
  region size 1024K, 1 young (1024K), 1 survivors (1024K)
 Metaspace       used 12335K, committed 12480K, reserved 1064960K
  class space    used 1152K, committed 1216K, reserved 1048576K
}
Event: 1.324 GC heap before
{Heap before GC invocations=2 (full 0):
 garbage-first heap   total 131072K, used 11081K [0x0000000080000000, 0x0000000100000000)
  region size 1024K, 9 young (9216K), 1 survivors (1024K)
 Metaspace       used 15369K, committed 15552K, reserved 1064960K
  class space    used 1492K, committed 1600K, reserved 1048576K
}
Event: 1.329 GC heap after
{Heap after GC invocations=3 (full 0):
 garbage-first heap   total 131072K, used 4971K [0x0000000080000000, 0x0000000100000000)
  region size 1024K, 2 young (2048K), 2 survivors (2048K)
 Metaspace       used 15369K, committed 15552K, reserved 1064960K
  class space    used 1492K, committed 1600K, reserved 1048576K
}
Event: 1.936 GC heap before
{Heap before GC invocations=3 (full 0):
 garbage-first heap   total 131072K, used 21355K [0x0000000080000000, 0x0000000100000000)
  region size 1024K, 19 young (19456K), 2 survivors (2048K)
 Metaspace       used 21096K, committed 21248K, reserved 1073152K
  class space    used 2197K, committed 2304K, reserved 1048576K
}
Event: 1.957 GC heap after
{Heap after GC invocations=4 (full 0):
 garbage-first heap   total 131072K, used 6225K [0x0000000080000000, 0x0000000100000000)
  region size 1024K, 4 young (4096K), 4 survivors (4096K)
 Metaspace       used 21096K, committed 21248K, reserved 1073152K
  class space    used 2197K, committed 2304K, reserved 1048576K
}
Event: 2.837 GC heap before
{Heap before GC invocations=5 (full 0):
 garbage-first heap   total 24576K, used 16465K [0x0000000080000000, 0x0000000100000000)
  region size 1024K, 14 young (14336K), 4 survivors (4096K)
 Metaspace       used 23809K, committed 23936K, reserved 1073152K
  class space    used 2503K, committed 2560K, reserved 1048576K
}
Event: 2.848 GC heap after
{Heap after GC invocations=6 (full 0):
 garbage-first heap   total 24576K, used 7889K [0x0000000080000000, 0x0000000100000000)
  region size 1024K, 2 young (2048K), 2 survivors (2048K)
 Metaspace       used 23809K, committed 23936K, reserved 1073152K
  class space    used 2503K, committed 2560K, reserved 1048576K
}
Event: 3.060 GC heap before
{Heap before GC invocations=6 (full 0):
 garbage-first heap   total 24576K, used 14033K [0x0000000080000000, 0x0000000100000000)
  region size 1024K, 9 young (9216K), 2 survivors (2048K)
 Metaspace       used 25444K, committed 25664K, reserved 1073152K
  class space    used 2773K, committed 2880K, reserved 1048576K
}
Event: 3.065 GC heap after
{Heap after GC invocations=7 (full 0):
 garbage-first heap   total 77824K, used 8412K [0x0000000080000000, 0x0000000100000000)
  region size 1024K, 1 young (1024K), 1 survivors (1024K)
 Metaspace       used 25444K, committed 25664K, reserved 1073152K
  class space    used 2773K, committed 2880K, reserved 1048576K
}
Event: 7.923 GC heap before
{Heap before GC invocations=7 (full 0):
 garbage-first heap   total 77824K, used 54492K [0x0000000080000000, 0x0000000100000000)
  region size 1024K, 45 young (46080K), 1 survivors (1024K)
 Metaspace       used 27216K, committed 27520K, reserved 1073152K
  class space    used 2967K, committed 3136K, reserved 1048576K
}
Event: 7.929 GC heap after
{Heap after GC invocations=8 (full 0):
 garbage-first heap   total 77824K, used 11694K [0x0000000080000000, 0x0000000100000000)
  region size 1024K, 3 young (3072K), 3 survivors (3072K)
 Metaspace       used 27216K, committed 27520K, reserved 1073152K
  class space    used 2967K, committed 3136K, reserved 1048576K
}

Deoptimization events (20 events):
Event: 8.235 Thread 0x000000102625d610 Uncommon trap: trap_request=0xffffffc6 fr.pc=0x00000010312f755c relative=0x0000000000000a1c
Event: 8.235 Thread 0x000000102625d610 Uncommon trap: reason=bimorphic_or_optimized_type_check action=maybe_recompile pc=0x00000010312f755c method=java.util.HashMap.putVal(ILjava/lang/Object;Ljava/lang/Object;ZZ)Ljava/lang/Object; @ 203 c2
Event: 8.235 Thread 0x000000102625d610 DEOPT PACKING pc=0x00000010312f755c sp=0x000000102426d4b0
Event: 8.235 Thread 0x000000102625d610 DEOPT UNPACKING pc=0x00000010297ed72e sp=0x000000102426d440 mode 2
Event: 8.237 Thread 0x000000102625d610 Uncommon trap: trap_request=0xffffff45 fr.pc=0x0000001031321db4 relative=0x0000000000000294
Event: 8.237 Thread 0x000000102625d610 Uncommon trap: reason=unstable_if action=reinterpret pc=0x0000001031321db4 method=java.util.WeakHashMap.expungeStaleEntries()V @ 9 c2
Event: 8.237 Thread 0x000000102625d610 DEOPT PACKING pc=0x0000001031321db4 sp=0x000000102426c330
Event: 8.237 Thread 0x000000102625d610 DEOPT UNPACKING pc=0x00000010297ed72e sp=0x000000102426c2c8 mode 2
Event: 8.253 Thread 0x000000102625d610 Uncommon trap: trap_request=0xffffff45 fr.pc=0x000000103129a5dc relative=0x000000000000041c
Event: 8.253 Thread 0x000000102625d610 Uncommon trap: reason=unstable_if action=reinterpret pc=0x000000103129a5dc method=java.lang.String.substring(II)Ljava/lang/String; @ 31 c2
Event: 8.253 Thread 0x000000102625d610 DEOPT PACKING pc=0x000000103129a5dc sp=0x000000102426cee0
Event: 8.253 Thread 0x000000102625d610 DEOPT UNPACKING pc=0x00000010297ed72e sp=0x000000102426ceb0 mode 2
Event: 8.254 Thread 0x000000102625d610 Uncommon trap: trap_request=0xffffff45 fr.pc=0x00000010312732a0 relative=0x0000000000000180
Event: 8.254 Thread 0x000000102625d610 Uncommon trap: reason=unstable_if action=reinterpret pc=0x00000010312732a0 method=java.lang.String.equals(Ljava/lang/Object;)Z @ 33 c2
Event: 8.254 Thread 0x000000102625d610 DEOPT PACKING pc=0x00000010312732a0 sp=0x000000102426cf10
Event: 8.254 Thread 0x000000102625d610 DEOPT UNPACKING pc=0x00000010297ed72e sp=0x000000102426ceb0 mode 2
Event: 8.317 Thread 0x000000102625d610 Uncommon trap: trap_request=0xffffffc6 fr.pc=0x00000010312f755c relative=0x0000000000000a1c
Event: 8.317 Thread 0x000000102625d610 Uncommon trap: reason=bimorphic_or_optimized_type_check action=maybe_recompile pc=0x00000010312f755c method=java.util.HashMap.putVal(ILjava/lang/Object;Ljava/lang/Object;ZZ)Ljava/lang/Object; @ 203 c2
Event: 8.317 Thread 0x000000102625d610 DEOPT PACKING pc=0x00000010312f755c sp=0x000000102426d630
Event: 8.317 Thread 0x000000102625d610 DEOPT UNPACKING pc=0x00000010297ed72e sp=0x000000102426d5c0 mode 2

Classes unloaded (0 events):
No events

Classes redefined (0 events):
No events

Internal exceptions (20 events):
Event: 8.223 Thread 0x000000102625d610 Exception <a 'java/lang/ClassNotFoundException'{0x00000000838c60f8}: com/aventstack/extentreports/reporter/AbstractFilterableReporterCustomizer> (0x00000000838c60f8) 
thrown [t:\workspace\open\src\hotspot\share\classfile\systemDictionary.cpp, line 256]
Event: 8.223 Thread 0x000000102625d610 Exception <a 'java/lang/ClassNotFoundException'{0x00000000838ccd50}: com/aventstack/extentreports/reporter/AbstractFileReporterCustomizer> (0x00000000838ccd50) 
thrown [t:\workspace\open\src\hotspot\share\classfile\systemDictionary.cpp, line 256]
Event: 8.224 Thread 0x000000102625d610 Exception <a 'java/lang/ClassNotFoundException'{0x00000000838d4e38}: com/aventstack/extentreports/reporter/ExtentSparkReporterCustomizer> (0x00000000838d4e38) 
thrown [t:\workspace\open\src\hotspot\share\classfile\systemDictionary.cpp, line 256]
Event: 8.231 Thread 0x000000102625d610 Exception <a 'java/lang/ClassNotFoundException'{0x00000000838fcef8}: com/aventstack/extentreports/reporter/configuration/ExtentSparkReporterConfigBeanInfo> (0x00000000838fcef8) 
thrown [t:\workspace\open\src\hotspot\share\classfile\systemDictionary.cpp, line 256]
Event: 8.231 Thread 0x000000102625d610 Exception <a 'java/lang/ClassNotFoundException'{0x0000000083701348}: com/aventstack/extentreports/reporter/configuration/InteractiveReporterConfigBeanInfo> (0x0000000083701348) 
thrown [t:\workspace\open\src\hotspot\share\classfile\systemDictionary.cpp, line 256]
Event: 8.231 Thread 0x000000102625d610 Exception <a 'java/lang/ClassNotFoundException'{0x00000000837050b8}: com/aventstack/extentreports/reporter/configuration/FileReporterConfigBeanInfo> (0x00000000837050b8) 
thrown [t:\workspace\open\src\hotspot\share\classfile\systemDictionary.cpp, line 256]
Event: 8.231 Thread 0x000000102625d610 Exception <a 'java/lang/ClassNotFoundException'{0x0000000083708ea0}: com/aventstack/extentreports/reporter/configuration/AbstractConfigurationBeanInfo> (0x0000000083708ea0) 
thrown [t:\workspace\open\src\hotspot\share\classfile\systemDictionary.cpp, line 256]
Event: 8.232 Thread 0x000000102625d610 Exception <a 'java/lang/ClassNotFoundException'{0x000000008370ccb8}: com/aventstack/extentreports/reporter/configuration/AbstractConfigurationCustomizer> (0x000000008370ccb8) 
thrown [t:\workspace\open\src\hotspot\share\classfile\systemDictionary.cpp, line 256]
Event: 8.233 Thread 0x000000102625d610 Exception <a 'java/lang/ClassNotFoundException'{0x0000000083716da8}: com/aventstack/extentreports/reporter/configuration/FileReporterConfigCustomizer> (0x0000000083716da8) 
thrown [t:\workspace\open\src\hotspot\share\classfile\systemDictionary.cpp, line 256]
Event: 8.233 Thread 0x000000102625d610 Exception <a 'java/lang/ClassNotFoundException'{0x000000008371f240}: com/aventstack/extentreports/reporter/configuration/InteractiveReporterConfigCustomizer> (0x000000008371f240) 
thrown [t:\workspace\open\src\hotspot\share\classfile\systemDictionary.cpp, line 256]
Event: 8.234 Thread 0x000000102625d610 Exception <a 'java/lang/ClassNotFoundException'{0x000000008372d9e0}: com/aventstack/extentreports/reporter/configuration/ExtentSparkReporterConfigCustomizer> (0x000000008372d9e0) 
thrown [t:\workspace\open\src\hotspot\share\classfile\systemDictionary.cpp, line 256]
Event: 8.236 Thread 0x000000102625d610 Exception <a 'java/lang/ClassNotFoundException'{0x0000000083740498}: com/aventstack/extentreports/reporter/configuration/ThemeBeanInfo> (0x0000000083740498) 
thrown [t:\workspace\open\src\hotspot\share\classfile\systemDictionary.cpp, line 256]
Event: 8.236 Thread 0x000000102625d610 Exception <a 'java/lang/ClassNotFoundException'{0x0000000083744060}: com/aventstack/extentreports/reporter/configuration/ThemeCustomizer> (0x0000000083744060) 
thrown [t:\workspace\open\src\hotspot\share\classfile\systemDictionary.cpp, line 256]
Event: 8.239 Thread 0x000000102625d610 Exception <a 'java/lang/ClassNotFoundException'{0x0000000083752cf0}: com/aventstack/extentreports/model/ReportBeanInfo> (0x0000000083752cf0) 
thrown [t:\workspace\open\src\hotspot\share\classfile\systemDictionary.cpp, line 256]
Event: 8.239 Thread 0x000000102625d610 Exception <a 'java/lang/ClassNotFoundException'{0x0000000083756668}: com/aventstack/extentreports/model/ReportCustomizer> (0x0000000083756668) 
thrown [t:\workspace\open\src\hotspot\share\classfile\systemDictionary.cpp, line 256]
Event: 8.242 Thread 0x000000102625d610 Exception <a 'java/lang/ClassNotFoundException'{0x000000008377bfd8}: com/aventstack/extentreports/model/ReportStatsBeanInfo> (0x000000008377bfd8) 
thrown [t:\workspace\open\src\hotspot\share\classfile\systemDictionary.cpp, line 256]
Event: 8.242 Thread 0x000000102625d610 Exception <a 'java/lang/ClassNotFoundException'{0x000000008377f9c8}: com/aventstack/extentreports/model/ReportStatsCustomizer> (0x000000008377f9c8) 
thrown [t:\workspace\open\src\hotspot\share\classfile\systemDictionary.cpp, line 256]
Event: 8.247 Thread 0x000000102625d610 Exception <a 'java/lang/ClassNotFoundException'{0x0000000083798f78}: com/aventstack/extentreports/AnalysisStrategyBeanInfo> (0x0000000083798f78) 
thrown [t:\workspace\open\src\hotspot\share\classfile\systemDictionary.cpp, line 256]
Event: 8.248 Thread 0x000000102625d610 Exception <a 'java/lang/ClassNotFoundException'{0x000000008379c938}: com/aventstack/extentreports/AnalysisStrategyCustomizer> (0x000000008379c938) 
thrown [t:\workspace\open\src\hotspot\share\classfile\systemDictionary.cpp, line 256]
Event: 8.282 Thread 0x000000102625d610 Exception <a 'java/lang/NoSuchMethodError'{0x00000000836711e0}: 'long java.lang.invoke.DirectMethodHandle$Holder.invokeSpecial(java.lang.Object, java.lang.Object)'> (0x00000000836711e0) 
thrown [t:\workspace\open\src\hotspot\share\interpreter\linkResolver.cpp, line 790]

Events (20 events):
Event: 8.284 loading class java/util/stream/LongStream done
Event: 8.284 loading class java/util/stream/LongPipeline done
Event: 8.284 loading class java/util/stream/LongPipeline$StatelessOp done
Event: 8.284 loading class java/util/stream/ReferencePipeline$5 done
Event: 8.284 loading class java/util/function/LongBinaryOperator
Event: 8.284 loading class java/util/function/LongBinaryOperator done
Event: 8.286 loading class java/util/stream/ReduceOps$10
Event: 8.286 loading class java/util/stream/ReduceOps$10 done
Event: 8.286 loading class java/util/stream/ReduceOps$8ReducingSink
Event: 8.286 loading class java/util/stream/Sink$OfLong
Event: 8.286 loading class java/util/function/LongConsumer
Event: 8.286 loading class java/util/function/LongConsumer done
Event: 8.286 loading class java/util/stream/Sink$OfLong done
Event: 8.286 loading class java/util/stream/ReduceOps$8ReducingSink done
Event: 8.286 loading class java/util/stream/ReferencePipeline$5$1
Event: 8.286 loading class java/util/stream/ReferencePipeline$5$1 done
Event: 8.293 loading class java/math/BigDecimal$StringBuilderHelper
Event: 8.293 loading class java/math/BigDecimal$StringBuilderHelper done
Event: 8.294 loading class java/text/NumberFormat$Field
Event: 8.294 loading class java/text/NumberFormat$Field done


Dynamic libraries:
0x00007ff7c2f60000 - 0x00007ff7c2f6e000 	C:\Users\MYU076GJ\.p2\pool\plugins\org.eclipse.justj.openjdk.hotspot.jre.full.win32.x86_64_16.0.2.v20210721-1149\jre\bin\javaw.exe
0x00007fffcf470000 - 0x00007fffcf61d000 	C:\Windows\SYSTEM32\ntdll.dll
0x00007fffccd50000 - 0x00007fffcce8f000 	C:\Windows\system32\KERNEL32.DLL
0x00007fffcc790000 - 0x00007fffcc8a5000 	C:\Windows\system32\KERNELBASE.dll
0x00007fffc5670000 - 0x00007fffc5688000 	C:\Users\MYU076GJ\.p2\pool\plugins\org.eclipse.justj.openjdk.hotspot.jre.full.win32.x86_64_16.0.2.v20210721-1149\jre\bin\jli.dll
0x00007fffc5650000 - 0x00007fffc5669000 	C:\Users\MYU076GJ\.p2\pool\plugins\org.eclipse.justj.openjdk.hotspot.jre.full.win32.x86_64_16.0.2.v20210721-1149\jre\bin\VCRUNTIME140.dll
0x00007fffc7360000 - 0x00007fffc7364000 	C:\Users\MYU076GJ\.p2\pool\plugins\org.eclipse.justj.openjdk.hotspot.jre.full.win32.x86_64_16.0.2.v20210721-1149\jre\bin\api-ms-win-crt-stdio-l1-1-0.dll
0x00007fffc68f0000 - 0x00007fffc68f4000 	C:\Users\MYU076GJ\.p2\pool\plugins\org.eclipse.justj.openjdk.hotspot.jre.full.win32.x86_64_16.0.2.v20210721-1149\jre\bin\api-ms-win-crt-runtime-l1-1-0.dll
0x00007fffc5640000 - 0x00007fffc5643000 	C:\Users\MYU076GJ\.p2\pool\plugins\org.eclipse.justj.openjdk.hotspot.jre.full.win32.x86_64_16.0.2.v20210721-1149\jre\bin\api-ms-win-crt-environment-l1-1-0.dll
0x00007fffc5620000 - 0x00007fffc5625000 	C:\Users\MYU076GJ\.p2\pool\plugins\org.eclipse.justj.openjdk.hotspot.jre.full.win32.x86_64_16.0.2.v20210721-1149\jre\bin\api-ms-win-crt-math-l1-1-0.dll
0x00007fffc4c80000 - 0x00007fffc4c83000 	C:\Users\MYU076GJ\.p2\pool\plugins\org.eclipse.justj.openjdk.hotspot.jre.full.win32.x86_64_16.0.2.v20210721-1149\jre\bin\api-ms-win-crt-locale-l1-1-0.dll
0x00007fffc4c30000 - 0x00007fffc4c33000 	C:\Users\MYU076GJ\.p2\pool\plugins\org.eclipse.justj.openjdk.hotspot.jre.full.win32.x86_64_16.0.2.v20210721-1149\jre\bin\api-ms-win-crt-heap-l1-1-0.dll
0x00007fffca940000 - 0x00007fffcabbb000 	C:\Windows\WinSxS\amd64_microsoft.windows.common-controls_6595b64144ccf1df_6.0.9600.19394_none_62486577ecb635cf\COMCTL32.dll
0x00007fffcd0b0000 - 0x00007fffcd227000 	C:\Windows\system32\USER32.dll
0x00007fffc4c20000 - 0x00007fffc4c23000 	C:\Users\MYU076GJ\.p2\pool\plugins\org.eclipse.justj.openjdk.hotspot.jre.full.win32.x86_64_16.0.2.v20210721-1149\jre\bin\api-ms-win-crt-filesystem-l1-1-0.dll
0x00007fffc4c10000 - 0x00007fffc4c14000 	C:\Users\MYU076GJ\.p2\pool\plugins\org.eclipse.justj.openjdk.hotspot.jre.full.win32.x86_64_16.0.2.v20210721-1149\jre\bin\api-ms-win-crt-string-l1-1-0.dll
0x00007fffc4ab0000 - 0x00007fffc4ab4000 	C:\Users\MYU076GJ\.p2\pool\plugins\org.eclipse.justj.openjdk.hotspot.jre.full.win32.x86_64_16.0.2.v20210721-1149\jre\bin\api-ms-win-crt-convert-l1-1-0.dll
0x00007fffced40000 - 0x00007fffcedea000 	C:\Windows\system32\msvcrt.dll
0x00007fffcf210000 - 0x00007fffcf35e000 	C:\Windows\system32\GDI32.dll
0x00007fff95f90000 - 0x00007fff9608a000 	C:\Users\MYU076GJ\.p2\pool\plugins\org.eclipse.justj.openjdk.hotspot.jre.full.win32.x86_64_16.0.2.v20210721-1149\jre\bin\ucrtbase.DLL
0x00007fffcf3c0000 - 0x00007fffcf3f6000 	C:\Windows\system32\IMM32.DLL
0x00007fffcd380000 - 0x00007fffcd4d1000 	C:\Windows\system32\MSCTF.dll
0x00007fffc4aa0000 - 0x00007fffc4aac000 	C:\Users\MYU076GJ\.p2\pool\plugins\org.eclipse.justj.openjdk.hotspot.jre.full.win32.x86_64_16.0.2.v20210721-1149\jre\bin\vcruntime140_1.dll
0x00007fffa5350000 - 0x00007fffa53e1000 	C:\Users\MYU076GJ\.p2\pool\plugins\org.eclipse.justj.openjdk.hotspot.jre.full.win32.x86_64_16.0.2.v20210721-1149\jre\bin\msvcp140.dll
0x00007fffc4a90000 - 0x00007fffc4a93000 	C:\Users\MYU076GJ\.p2\pool\plugins\org.eclipse.justj.openjdk.hotspot.jre.full.win32.x86_64_16.0.2.v20210721-1149\jre\bin\api-ms-win-crt-time-l1-1-0.dll
0x00007fffc45f0000 - 0x00007fffc45f3000 	C:\Users\MYU076GJ\.p2\pool\plugins\org.eclipse.justj.openjdk.hotspot.jre.full.win32.x86_64_16.0.2.v20210721-1149\jre\bin\api-ms-win-crt-utility-l1-1-0.dll
0x00007fff7fb20000 - 0x00007fff806cb000 	C:\Users\MYU076GJ\.p2\pool\plugins\org.eclipse.justj.openjdk.hotspot.jre.full.win32.x86_64_16.0.2.v20210721-1149\jre\bin\server\jvm.dll
0x00007fffccb00000 - 0x00007fffccbaa000 	C:\Windows\system32\ADVAPI32.dll
0x00007fffc3330000 - 0x00007fffc3339000 	C:\Windows\SYSTEM32\WSOCK32.dll
0x00007fffb90c0000 - 0x00007fffb90e2000 	C:\Windows\SYSTEM32\WINMM.dll
0x00007fffc80c0000 - 0x00007fffc80ca000 	C:\Windows\SYSTEM32\VERSION.dll
0x00007fffccc70000 - 0x00007fffccc77000 	C:\Windows\system32\PSAPI.DLL
0x00007fffcf360000 - 0x00007fffcf3b8000 	C:\Windows\SYSTEM32\sechost.dll
0x00007fffcec00000 - 0x00007fffced3a000 	C:\Windows\system32\RPCRT4.dll
0x00007fffcd320000 - 0x00007fffcd37a000 	C:\Windows\system32\WS2_32.dll
0x00007fffb9090000 - 0x00007fffb90ba000 	C:\Windows\SYSTEM32\WINMMBASE.dll
0x00007fffcc660000 - 0x00007fffcc68e000 	C:\Windows\system32\SspiCli.dll
0x00007fffcd6c0000 - 0x00007fffcd6c9000 	C:\Windows\system32\NSI.dll
0x00007fffcc740000 - 0x00007fffcc78f000 	C:\Windows\SYSTEM32\cfgmgr32.dll
0x00007fffcb440000 - 0x00007fffcb468000 	C:\Windows\SYSTEM32\DEVOBJ.dll
0x00007fffc77c0000 - 0x00007fffc77ca000 	C:\Users\MYU076GJ\.p2\pool\plugins\org.eclipse.justj.openjdk.hotspot.jre.full.win32.x86_64_16.0.2.v20210721-1149\jre\bin\jimage.dll
0x00007fffc3790000 - 0x00007fffc3919000 	C:\Windows\SYSTEM32\DBGHELP.DLL
0x00007fffc7370000 - 0x00007fffc7395000 	C:\Users\MYU076GJ\.p2\pool\plugins\org.eclipse.justj.openjdk.hotspot.jre.full.win32.x86_64_16.0.2.v20210721-1149\jre\bin\java.dll
0x00007fffc73f0000 - 0x00007fffc7408000 	C:\Users\MYU076GJ\.p2\pool\plugins\org.eclipse.justj.openjdk.hotspot.jre.full.win32.x86_64_16.0.2.v20210721-1149\jre\bin\zip.dll
0x00007fffcd6d0000 - 0x00007fffcebfe000 	C:\Windows\system32\SHELL32.dll
0x00007fffcce90000 - 0x00007fffcd0a1000 	C:\Windows\SYSTEM32\combase.dll
0x00007fffcf010000 - 0x00007fffcf064000 	C:\Windows\system32\SHLWAPI.dll
0x00007fffcaee0000 - 0x00007fffcaf92000 	C:\Windows\SYSTEM32\SHCORE.dll
0x00007fffcc590000 - 0x00007fffcc5a5000 	C:\Windows\SYSTEM32\profapi.dll
0x00007fffa7500000 - 0x00007fffa7519000 	C:\Users\MYU076GJ\.p2\pool\plugins\org.eclipse.justj.openjdk.hotspot.jre.full.win32.x86_64_16.0.2.v20210721-1149\jre\bin\net.dll
0x00007fffc8b30000 - 0x00007fffc8bf9000 	C:\Windows\SYSTEM32\WINHTTP.dll
0x00007fffcbce0000 - 0x00007fffcbd39000 	C:\Windows\system32\mswsock.dll
0x00007fffa7040000 - 0x00007fffa7053000 	C:\Users\MYU076GJ\.p2\pool\plugins\org.eclipse.justj.openjdk.hotspot.jre.full.win32.x86_64_16.0.2.v20210721-1149\jre\bin\nio.dll
0x00007fffcbb50000 - 0x00007fffcbbf4000 	C:\Windows\SYSTEM32\DNSAPI.dll
0x00007fffc7880000 - 0x00007fffc788a000 	C:\Windows\System32\rasadhlp.dll
0x00007fffc8300000 - 0x00007fffc836b000 	C:\Windows\System32\fwpuclnt.dll
0x00007fffcbe30000 - 0x00007fffcbe50000 	C:\Windows\SYSTEM32\CRYPTSP.dll
0x00007fffcba80000 - 0x00007fffcbab6000 	C:\Windows\system32\rsaenh.dll
0x00007fffcc070000 - 0x00007fffcc096000 	C:\Windows\SYSTEM32\bcrypt.dll
0x00007fffcbd50000 - 0x00007fffcbd71000 	C:\Windows\SYSTEM32\USERENV.dll
0x00007fffcc390000 - 0x00007fffcc3f3000 	C:\Windows\system32\bcryptprimitives.dll
0x00007fffcc400000 - 0x00007fffcc40b000 	C:\Windows\SYSTEM32\CRYPTBASE.dll
0x00007fffc8520000 - 0x00007fffc854a000 	C:\Windows\SYSTEM32\IPHLPAPI.DLL
0x00007fffc8500000 - 0x00007fffc850a000 	C:\Windows\SYSTEM32\WINNSI.DLL
0x00007fffc82e0000 - 0x00007fffc82f6000 	C:\Windows\SYSTEM32\dhcpcsvc6.DLL
0x00007fffc82c0000 - 0x00007fffc82da000 	C:\Windows\SYSTEM32\dhcpcsvc.DLL
0x00007fffc7810000 - 0x00007fffc781e000 	C:\Users\MYU076GJ\.p2\pool\plugins\org.eclipse.justj.openjdk.hotspot.jre.full.win32.x86_64_16.0.2.v20210721-1149\jre\bin\sunmscapi.dll
0x00007fffcc8b0000 - 0x00007fffcca8e000 	C:\Windows\system32\CRYPT32.dll
0x00007fffcc040000 - 0x00007fffcc065000 	C:\Windows\SYSTEM32\ncrypt.dll
0x00007fffcc640000 - 0x00007fffcc651000 	C:\Windows\system32\MSASN1.dll
0x00007fffcbfc0000 - 0x00007fffcbff7000 	C:\Windows\SYSTEM32\NTASN1.dll
0x00007fffc7790000 - 0x00007fffc77a0000 	C:\Users\MYU076GJ\.p2\pool\plugins\org.eclipse.justj.openjdk.hotspot.jre.full.win32.x86_64_16.0.2.v20210721-1149\jre\bin\verify.dll
0x00007fffc6060000 - 0x00007fffc6075000 	C:\Windows\system32\napinsp.dll
0x00007fffc95b0000 - 0x00007fffc95cb000 	C:\Windows\system32\NLAapi.dll
0x00007fffc60c0000 - 0x00007fffc60cd000 	C:\Windows\System32\winrnr.dll

dbghelp: loaded successfully - version: 4.0.5 - missing functions: none
symbol engine: initialized successfully - sym options: 0x614 - pdb path: .;C:\Users\MYU076GJ\.p2\pool\plugins\org.eclipse.justj.openjdk.hotspot.jre.full.win32.x86_64_16.0.2.v20210721-1149\jre\bin;C:\Windows\SYSTEM32;C:\Windows\WinSxS\amd64_microsoft.windows.common-controls_6595b64144ccf1df_6.0.9600.19394_none_62486577ecb635cf;C:\Users\MYU076GJ\.p2\pool\plugins\org.eclipse.justj.openjdk.hotspot.jre.full.win32.x86_64_16.0.2.v20210721-1149\jre\bin\server

VM Arguments:
jvm_args: -ea -Dfile.encoding=Cp1252 -XX:+ShowCodeDetailsInExceptionMessages 
java_command: org.testng.remote.RemoteTestNG -serport 24236 -protocol json -d C:\Users\MYU076GJ\eclpse-workspace-2021\LGSTest\test-output C:\Users\MYU076GJ\AppData\Local\Temp\2\testng-eclipse--386249960\testng-customsuite.xml
java_class_path (initial): C:\Users\MYU076GJ\eclipse\java-2021-06\eclipse\configuration\org.eclipse.osgi\442\0\.cp\lib\testng-remote.jar;C:\Users\MYU076GJ\eclpse-workspace-2021\LGSTest\target\test-classes;C:\Users\MYU076GJ\eclpse-workspace-2021\LGSTest\target\classes;C:\Users\MYU076GJ\.p2\pool\plugins\org.testng_7.4.0.r202105021533.jar;C:\Users\MYU076GJ\.p2\pool\plugins\com.beust.jcommander_1.78.0.jar;C:\Users\MYU076GJ\.p2\pool\plugins\org.apache-extras.beanshell.bsh_2.0.0.b6.jar;C:\Users\MYU076GJ\.p2\pool\plugins\org.yaml.snakeyaml_1.21.0.jar;C:\Users\MYU076GJ\.p2\pool\plugins\org.webjars.jquery_3.5.1.jar;C:\Users\MYU076GJ\.m2\repository\org\seleniumhq\selenium\selenium-java\3.141.59\selenium-java-3.141.59.jar;C:\Users\MYU076GJ\.m2\repository\org\seleniumhq\selenium\selenium-api\3.141.59\selenium-api-3.141.59.jar;C:\Users\MYU076GJ\.m2\repository\org\seleniumhq\selenium\selenium-chrome-driver\3.141.59\selenium-chrome-driver-3.141.59.jar;C:\Users\MYU076GJ\.m2\repository\org\seleniumhq\selenium\selenium-edge-driver\3.141.59\selenium-edge-driver-3.141.59.jar;C:\Users\MYU076GJ\.m2\repository\org\seleniumhq\selenium\selenium-firefox-driver\3.141.59\selenium-firefox-driver-3.141.59.jar;C:\Users\MYU076GJ\.m2\repository\org\seleniumhq\selenium\selenium-ie-driver\3.141.59\selenium-ie-driver-3.141.59.jar;C:\Users\MYU076GJ\.m2\repository\org\seleniumhq\selenium\selenium-opera-driver\3.141.59\selenium-opera-driver-3.141.59.jar;C:\Users\MYU076GJ\.m2\repository\org\seleniumhq\selenium\selenium-remote-driver\3.141.59\selenium-remote-driver-3.141.59.jar;C:\Users\MYU076GJ\.m2\repository\org\seleniumhq\selenium\selenium-safari-driver\3.141.59\selenium-safari-driver-3.141.59.jar;C:\Users\MYU076GJ\.m2\repository\org\seleniumhq\selenium\selenium-support\3.141.59\selenium-support-3.141.59.jar;C:\Users\MYU076GJ\.m2\repository\net\bytebuddy\byte-buddy\1.8.15\byte-buddy-1.8.15.jar;C:\Users\MYU076GJ\.m2\repository\org\apache\commons\commons-exec\1.3\commons-exec-1.3.jar;C:\Users\MYU076GJ\.
Launcher Type: SUN_STANDARD

[Global flags]
     intx CICompilerCount                          = 2                                         {product} {ergonomic}
     uint ConcGCThreads                            = 1                                         {product} {ergonomic}
     uint G1ConcRefinementThreads                  = 2                                         {product} {ergonomic}
   size_t G1HeapRegionSize                         = 1048576                                   {product} {ergonomic}
    uintx GCDrainStackTargetSize                   = 64                                        {product} {ergonomic}
   size_t InitialHeapSize                          = 134217728                                 {product} {ergonomic}
   size_t MarkStackSize                            = 4194304                                   {product} {ergonomic}
   size_t MaxHeapSize                              = 2147483648                                {product} {ergonomic}
   size_t MaxNewSize                               = 1287651328                                {product} {ergonomic}
   size_t MinHeapDeltaBytes                        = 1048576                                   {product} {ergonomic}
   size_t MinHeapSize                              = 8388608                                   {product} {ergonomic}
    uintx NonNMethodCodeHeapSize                   = 5826188                                {pd product} {ergonomic}
    uintx NonProfiledCodeHeapSize                  = 122916026                              {pd product} {ergonomic}
    uintx ProfiledCodeHeapSize                     = 122916026                              {pd product} {ergonomic}
    uintx ReservedCodeCacheSize                    = 251658240                              {pd product} {ergonomic}
     bool SegmentedCodeCache                       = true                                      {product} {ergonomic}
     bool ShowCodeDetailsInExceptionMessages       = true                                   {manageable} {command line}
   size_t SoftMaxHeapSize                          = 2147483648                             {manageable} {ergonomic}
     bool UseCompressedClassPointers               = true                           {product lp64_product} {ergonomic}
     bool UseCompressedOops                        = true                           {product lp64_product} {ergonomic}
     bool UseG1GC                                  = true                                      {product} {ergonomic}
     bool UseLargePagesIndividualAllocation        = false                                  {pd product} {ergonomic}

Logging:
Log output configuration:
 #0: stdout all=warning uptime,level,tags
 #1: stderr all=off uptime,level,tags

Environment Variables:
JAVA_HOME=C:\Program Files\Java\jdk1.8.0_281
PATH=C:/Users/MYU076GJ/.p2/pool/plugins/org.eclipse.justj.openjdk.hotspot.jre.full.win32.x86_64_16.0.2.v20210721-1149/jre/bin/server;C:/Users/MYU076GJ/.p2/pool/plugins/org.eclipse.justj.openjdk.hotspot.jre.full.win32.x86_64_16.0.2.v20210721-1149/jre/bin;C:\Program Files (x86)\Common Files\Oracle\Java\javapath;E:\app\client\myu076gj\product\12.2.0\client_1;E:\app\client\myu076gj\product\12.2.0\client_1\bin;E:\app\client\myu076gj\product\12.2.0\client_2;E:\app\client\myu076gj\product\12.2.0\client_2\bin;C:\ProgramData\Oracle\Java\javapath;C:\Windows\system32;C:\Windows;C:\Windows\System32\Wbem;C:\Windows\System32\WindowsPowerShell\v1.0\;C:\Program Files\Microsoft Network Monitor 3\;c:\Program Files (x86)\Microsoft ASP.NET\ASP.NET Web Pages\v1.0\;E:\Applications\Debugging Tools for Windows\Windows Performance Toolkit\;E:\Applications\Microsoft SQL Server\110\DTS\Binn\;E:\Applications (x86)\Microsoft SQL Server\110\Tools\Binn\;E:\Applications\Microsoft SQL Server\110\Tools\Binn\;E:\Applications (x86)\Microsoft SQL Server\110\Tools\Binn\ManagementStudio\;C:\Program Files (x86)\Microsoft Visual Studio 10.0\Common7\IDE\PrivateAssemblies\;E:\Applications (x86)\Microsoft SQL Server\110\DTS\Binn\;C:\Program Files (x86)\Microsoft SDKs\TypeScript\1.0\;E:\Applications\Microsoft SQL Server\120\Tools\Binn\;E:\Applications\IBM\Client Access\Emulator;E:\Applications\IBM\Client Access\Shared;E:\Applications\IBM\Client Access\;C:\Program Files\Git\cmd;C:\Users\MYU076GJ\AppData\Local\Android\Sdk\platform-tools;C:\Program Files\Java\jdk1.8.0_281\bin;C:\Users\MYU076GJ\Documents\Selenium;C:\Users\MYU076GJ\Documents\GCCAutomationTest - Local Run\qa-automation-framework\node_modules\.bin;C:\Program Files\Git\bin;E:\Applications\Microsoft SQL Server\130\Tools\Binn\;E:\Applications\Microsoft SQL Server\Client SDK\ODBC\170\Tools\Binn\;C:\Program Files\Amazon\AWSCLIV2\;C:\Program Files\PowerShell\7\;C:\oracle\instantclient_19_9;E:\Applications (x86)\Microsoft SQL Server\150\DTS\Binn\;C:\Program Fi
USERNAME=myu076gj
OS=Windows_NT
PROCESSOR_IDENTIFIER=Intel64 Family 6 Model 79 Stepping 1, GenuineIntel



---------------  S Y S T E M  ---------------

OS:
 Windows Server 2012 R2 , 64 bit Build 9600 (6.3.9600.20062)
OS uptime: 15 days 22:45 hours
VMWare virtualization detected

CPU: total 2 (initial active 2) (1 cores per cpu, 1 threads per core) family 6 model 79 stepping 1 microcode 0xb000038, cx8, cmov, fxsr, mmx, 3dnowpref, sse, sse2, sse3, ssse3, sse4.1, sse4.2, popcnt, lzcnt, tsc, tscinvbit, avx, avx2, aes, erms, clmul, bmi1, bmi2, adx, fma, vzeroupper, clflush, hv

Memory: 4k page, system-wide physical 8191M (263M free)
TotalPageFile size 11263M (AvailPageFile size 6M)
current process WorkingSet (physical memory assigned to process): 154M, peak: 154M
current process commit charge ("private bytes"): 187M, peak: 226M

vm_info: OpenJDK 64-Bit Server VM (16.0.2+7-67) for windows-amd64 JRE (16.0.2+7-67), built on Jun  8 2021 23:21:43 by "mach5one" with MS VC++ 16.7 (VS2019)

END.
