#
# There is insufficient memory for the Java Runtime Environment to continue.
# Native memory allocation (mmap) failed to map 53477376 bytes for G1 virtual space
# Possible reasons:
#   The system is out of physical RAM or swap space
#   The process is running with CompressedOops enabled, and the Java Heap may be blocking the growth of the native heap
# Possible solutions:
#   Reduce memory load on the system
#   Increase physical memory or swap space
#   Check if swap backing store is full
#   Decrease Java heap size (-Xmx/-Xms)
#   Decrease number of Java threads
#   Decrease Java thread stack sizes (-Xss)
#   Set larger code cache with -XX:ReservedCodeCacheSize=
#   JVM is running with Unscaled Compressed Oops mode in which the Java heap is
#     placed in the first 4GB address space. The Java Heap base address is the
#     maximum limit for the native heap growth. Please use -XX:HeapBaseMinAddress
#     to set the Java Heap base and to place the Java Heap above 4GB virtual address.
# This output file may be truncated or incomplete.
#
#  Out of Memory Error (os_windows.cpp:3466), pid=8524, tid=8276
#
# JRE version: OpenJDK Runtime Environment (16.0.2+7) (build 16.0.2+7-67)
# Java VM: OpenJDK 64-Bit Server VM (16.0.2+7-67, mixed mode, tiered, compressed oops, compressed class ptrs, g1 gc, windows-amd64)
# Core dump will be written. Default location: C:\Users\MYU076GJ\eclpse-workspace-2021\LGSTest\hs_err_pid8524.mdmp
#

---------------  S U M M A R Y ------------

Command Line: -ea -Dfile.encoding=Cp1252 -XX:+ShowCodeDetailsInExceptionMessages org.testng.remote.RemoteTestNG -serport 19728 -protocol json -d C:\Users\MYU076GJ\eclpse-workspace-2021\LGSTest\test-output C:\Users\MYU076GJ\AppData\Local\Temp\2\testng-eclipse--1768273467\testng-customsuite.xml

Host: Intel(R) Xeon(R) CPU E5-2680 v4 @ 2.40GHz, 2 cores, 7G,  Windows Server 2012 R2 , 64 bit Build 9600 (6.3.9600.20062)
Time: Sun Oct 10 14:08:03 2021 Malay Peninsula Standard Time elapsed time: 7.361838 seconds (0d 0h 0m 7s)

---------------  T H R E A D  ---------------

Current thread (0x000000ec2d92e140):  VMThread "VM Thread" [stack: 0x000000ec2e400000,0x000000ec2e500000] [id=8276]

Stack: [0x000000ec2e400000,0x000000ec2e500000]
Native frames: (J=compiled Java code, j=interpreted, Vv=VM code, C=native code)
V  [jvm.dll+0x6681ca]
V  [jvm.dll+0x7c9e69]
V  [jvm.dll+0x7cb61e]
V  [jvm.dll+0x7cbc73]
V  [jvm.dll+0x242c55]
V  [jvm.dll+0x664f89]
V  [jvm.dll+0x659b75]
V  [jvm.dll+0x2fbfbb]
V  [jvm.dll+0x3031b6]
V  [jvm.dll+0x35299e]
V  [jvm.dll+0x352bcf]
V  [jvm.dll+0x2d3028]
V  [jvm.dll+0x2d0bb5]
V  [jvm.dll+0x2d01ec]
V  [jvm.dll+0x3152d2]
V  [jvm.dll+0x7d00ab]
V  [jvm.dll+0x7d0da4]
V  [jvm.dll+0x7d12a9]
V  [jvm.dll+0x7d1564]
V  [jvm.dll+0x7d1630]
V  [jvm.dll+0x7795aa]
V  [jvm.dll+0x667066]
C  [ucrtbase.DLL+0x1d912]
C  [KERNEL32.DLL+0x1412]
C  [ntdll.dll+0x154f4]

VM_Operation (0x000000ec1252c5f0): G1CollectForAllocation, mode: safepoint, requested by thread 0x000000ec1450d740


---------------  P R O C E S S  ---------------

Threads class SMR info:
_java_thread_list=0x000000ec31304100, length=20, elements={
0x000000ec1450d740, 0x000000ec2d962020, 0x000000ec2d932a40, 0x000000ec2e529330,
0x000000ec2e52bfc0, 0x000000ec2e52cbc0, 0x000000ec2e52f5d0, 0x000000ec2e5313c0,
0x000000ec2e534140, 0x000000ec2d96e4c0, 0x000000ec2e685420, 0x000000ec2e69b010,
0x000000ec2f95c7d0, 0x000000ec30db28d0, 0x000000ec3111be00, 0x000000ec30cdc900,
0x000000ec30de7820, 0x000000ec30d67070, 0x000000ec312fb820, 0x000000ec312f9d90
}

Java Threads: ( => current thread )
  0x000000ec1450d740 JavaThread "Forwarding screenshot on session c13ad5288e61f7130a64e8c0a1be95b9 to remote" [_thread_blocked, id=9068, stack(0x000000ec12430000,0x000000ec12530000)]
  0x000000ec2d962020 JavaThread "Reference Handler" daemon [_thread_blocked, id=8292, stack(0x000000ec2e900000,0x000000ec2ea00000)]
  0x000000ec2d932a40 JavaThread "Finalizer" daemon [_thread_blocked, id=8240, stack(0x000000ec2ea00000,0x000000ec2eb00000)]
  0x000000ec2e529330 JavaThread "Signal Dispatcher" daemon [_thread_blocked, id=8252, stack(0x000000ec2ebe0000,0x000000ec2ece0000)]
  0x000000ec2e52bfc0 JavaThread "Attach Listener" daemon [_thread_blocked, id=8256, stack(0x000000ec2ece0000,0x000000ec2ede0000)]
  0x000000ec2e52cbc0 JavaThread "Service Thread" daemon [_thread_blocked, id=5656, stack(0x000000ec2ede0000,0x000000ec2eee0000)]
  0x000000ec2e52f5d0 JavaThread "Monitor Deflation Thread" daemon [_thread_blocked, id=4784, stack(0x000000ec2eee0000,0x000000ec2efe0000)]
  0x000000ec2e5313c0 JavaThread "C2 CompilerThread0" daemon [_thread_blocked, id=4964, stack(0x000000ec2efe0000,0x000000ec2f0e0000)]
  0x000000ec2e534140 JavaThread "C1 CompilerThread0" daemon [_thread_blocked, id=4308, stack(0x000000ec2f0e0000,0x000000ec2f1e0000)]
  0x000000ec2d96e4c0 JavaThread "Sweeper thread" daemon [_thread_blocked, id=8356, stack(0x000000ec2f1e0000,0x000000ec2f2e0000)]
  0x000000ec2e685420 JavaThread "Notification Thread" daemon [_thread_blocked, id=3212, stack(0x000000ec2f2e0000,0x000000ec2f3e0000)]
  0x000000ec2e69b010 JavaThread "Common-Cleaner" daemon [_thread_blocked, id=5968, stack(0x000000ec2f4e0000,0x000000ec2f5e0000)]
  0x000000ec2f95c7d0 JavaThread "ReaderThread" [_thread_in_native, id=9132, stack(0x000000ec302c0000,0x000000ec303c0000)]
  0x000000ec30db28d0 JavaThread "Exec Default Executor" daemon [_thread_in_native, id=8712, stack(0x000000ec32400000,0x000000ec32500000)]
  0x000000ec3111be00 JavaThread "UrlChecker-2" daemon [_thread_blocked, id=8584, stack(0x000000ec32500000,0x000000ec32600000)]
  0x000000ec30cdc900 JavaThread "Exec Stream Pumper" daemon [_thread_in_native, id=8644, stack(0x000000ec32600000,0x000000ec32700000)]
  0x000000ec30de7820 JavaThread "Exec Stream Pumper" daemon [_thread_in_native, id=8780, stack(0x000000ec32700000,0x000000ec32800000)]
  0x000000ec30d67070 JavaThread "Keep-Alive-Timer" daemon [_thread_blocked, id=9152, stack(0x000000ec32800000,0x000000ec32900000)]
  0x000000ec312fb820 JavaThread "OkHttp ConnectionPool" daemon [_thread_blocked, id=6340, stack(0x000000ec32900000,0x000000ec32a00000)]
  0x000000ec312f9d90 JavaThread "Okio Watchdog" daemon [_thread_blocked, id=8936, stack(0x000000ec32a00000,0x000000ec32b00000)]

Other Threads:
=>0x000000ec2d92e140 VMThread "VM Thread" [stack: 0x000000ec2e400000,0x000000ec2e500000] [id=8276]
  0x000000ec2e687d50 WatcherThread [stack: 0x000000ec2f3e0000,0x000000ec2f4e0000] [id=6260]
  0x000000ec1454af70 GCTaskThread "GC Thread#0" [stack: 0x000000ec2b250000,0x000000ec2b350000] [id=6204]
  0x000000ec2f600030 GCTaskThread "GC Thread#1" [stack: 0x000000ec2fde0000,0x000000ec2fee0000] [id=8800]
  0x000000ec1455c0b0 ConcurrentGCThread "G1 Main Marker" [stack: 0x000000ec2b350000,0x000000ec2b450000] [id=9104]
  0x000000ec1455cba0 ConcurrentGCThread "G1 Conc#0" [stack: 0x000000ec2b450000,0x000000ec2b550000] [id=8528]
  0x000000ec145acff0 ConcurrentGCThread "G1 Refine#0" [stack: 0x000000ec2d970000,0x000000ec2da70000] [id=8568]
  0x000000ec145adaf0 ConcurrentGCThread "G1 Service" [stack: 0x000000ec2da70000,0x000000ec2db70000] [id=9080]

Threads with active compile tasks:

VM state: at safepoint (normal execution)

VM Mutex/Monitor currently owned by a thread:  ([mutex/lock_event])
[0x000000ec1450b3d0] Threads_lock - owner thread: 0x000000ec2d92e140
[0x000000ec1450a020] Heap_lock - owner thread: 0x000000ec1450d740

Heap address: 0x0000000080000000, size: 2048 MB, Compressed Oops mode: 32-bit

CDS disabled.
Compressed class space mapped at: 0x0000000100000000-0x0000000140000000, reserved size: 1073741824
Narrow klass base: 0x0000000000000000, Narrow klass shift: 3, Narrow klass range: 0x140000000

GC Precious Log:
 CPUs: 2 total, 2 available
 Memory: 8191M
 Large Page Support: Disabled
 NUMA Support: Disabled
 Compressed Oops: Enabled (32-bit)
 Heap Region Size: 1M
 Heap Min Capacity: 8M
 Heap Initial Capacity: 128M
 Heap Max Capacity: 2G
 Pre-touch: Disabled
 Parallel Workers: 2
 Concurrent Workers: 1
 Concurrent Refinement Workers: 2
 Periodic GC: Disabled

Heap:
 garbage-first heap   total 27648K, used 11364K [0x0000000080000000, 0x0000000100000000)
  region size 1024K, 1 young (1024K), 1 survivors (1024K)
 Metaspace       used 27205K, committed 27456K, reserved 1073152K
  class space    used 2963K, committed 3072K, reserved 1048576K

Heap Regions: E=young(eden), S=young(survivor), O=old, HS=humongous(starts), HC=humongous(continues), CS=collection set, F=free, OA=open archive, CA=closed archive, TAMS=top-at-mark-start (previous, next)
|   0|0x0000000080000000, 0x0000000080100000, 0x0000000080100000|100%| O|  |TAMS 0x0000000080100000, 0x0000000080000000| Untracked 
|   1|0x0000000080100000, 0x0000000080200000, 0x0000000080200000|100%| O|  |TAMS 0x0000000080200000, 0x0000000080100000| Untracked 
|   2|0x0000000080200000, 0x00000000802e5000, 0x0000000080300000| 89%| O|  |TAMS 0x00000000802e5000, 0x0000000080200000| Untracked 
|   3|0x0000000080300000, 0x0000000080400000, 0x0000000080400000|100%| O|  |TAMS 0x0000000080300000, 0x0000000080300000| Untracked 
|   4|0x0000000080400000, 0x0000000080500000, 0x0000000080500000|100%| O|  |TAMS 0x0000000080400000, 0x0000000080400000| Untracked 
|   5|0x0000000080500000, 0x0000000080600000, 0x0000000080600000|100%| O|  |TAMS 0x0000000080500000, 0x0000000080500000| Untracked 
|   6|0x0000000080600000, 0x0000000080700000, 0x0000000080700000|100%| O|  |TAMS 0x0000000080600000, 0x0000000080600000| Untracked 
|   7|0x0000000080700000, 0x0000000080800000, 0x0000000080800000|100%| O|  |TAMS 0x0000000080700000, 0x0000000080700000| Untracked 
|   8|0x0000000080800000, 0x00000000808a9e00, 0x0000000080900000| 66%| O|  |TAMS 0x0000000080800000, 0x0000000080800000| Untracked 
|   9|0x0000000080900000, 0x0000000080a00000, 0x0000000080a00000|100%| O|  |TAMS 0x0000000080900000, 0x0000000080900000| Untracked 
|  10|0x0000000080a00000, 0x0000000080b00000, 0x0000000080b00000|100%|HS|  |TAMS 0x0000000080a00000, 0x0000000080a00000| Complete 
|  11|0x0000000080b00000, 0x0000000080b00000, 0x0000000080c00000|  0%| F|  |TAMS 0x0000000080b00000, 0x0000000080b00000| Untracked 
|  12|0x0000000080c00000, 0x0000000080c00000, 0x0000000080d00000|  0%| F|  |TAMS 0x0000000080c00000, 0x0000000080c00000| Untracked 
|  13|0x0000000080d00000, 0x0000000080d00000, 0x0000000080e00000|  0%| F|  |TAMS 0x0000000080d00000, 0x0000000080d00000| Untracked 
|  14|0x0000000080e00000, 0x0000000080e00000, 0x0000000080f00000|  0%| F|  |TAMS 0x0000000080e00000, 0x0000000080e00000| Untracked 
|  15|0x0000000080f00000, 0x0000000080f00000, 0x0000000081000000|  0%| F|  |TAMS 0x0000000080f00000, 0x0000000080f00000| Untracked 
|  16|0x0000000081000000, 0x0000000081000000, 0x0000000081100000|  0%| F|  |TAMS 0x0000000081000000, 0x0000000081000000| Untracked 
|  17|0x0000000081100000, 0x000000008118a220, 0x0000000081200000| 53%| S|CS|TAMS 0x0000000081100000, 0x0000000081100000| Complete 
|  18|0x0000000081200000, 0x0000000081200000, 0x0000000081300000|  0%| F|  |TAMS 0x0000000081200000, 0x0000000081200000| Untracked 
|  19|0x0000000081300000, 0x0000000081300000, 0x0000000081400000|  0%| F|  |TAMS 0x0000000081300000, 0x0000000081300000| Untracked 
|  20|0x0000000081400000, 0x0000000081400000, 0x0000000081500000|  0%| F|  |TAMS 0x0000000081400000, 0x0000000081400000| Untracked 
|  21|0x0000000081500000, 0x0000000081500000, 0x0000000081600000|  0%| F|  |TAMS 0x0000000081500000, 0x0000000081500000| Untracked 
| 104|0x0000000086800000, 0x0000000086800000, 0x0000000086900000|  0%| F|  |TAMS 0x0000000086800000, 0x0000000086800000| Untracked 
| 105|0x0000000086900000, 0x0000000086900000, 0x0000000086a00000|  0%| F|  |TAMS 0x0000000086900000, 0x0000000086900000| Untracked 
| 106|0x0000000086a00000, 0x0000000086a00000, 0x0000000086b00000|  0%| F|  |TAMS 0x0000000086a00000, 0x0000000086a00000| Untracked 
| 107|0x0000000086b00000, 0x0000000086b00000, 0x0000000086c00000|  0%| F|  |TAMS 0x0000000086b00000, 0x0000000086b00000| Untracked 
| 127|0x0000000087f00000, 0x0000000087f00000, 0x0000000088000000|  0%| F|  |TAMS 0x0000000087f00000, 0x0000000087f00000| Untracked 

Card table byte_map: [0x000000ec26a50000,0x000000ec26e50000] _byte_map_base: 0x000000ec26650000

Marking Bits (Prev, Next): (CMBitMap*) 0x000000ec1454b660, (CMBitMap*) 0x000000ec1454b6a0
 Prev Bits: [0x000000ec27250000, 0x000000ec29250000)
 Next Bits: [0x000000ec29250000, 0x000000ec2b250000)

Polling page: 0x000000ec122c0000

Metaspace:

Usage:
  Non-class:     23.67 MB used.
      Class:      2.89 MB used.
       Both:     26.57 MB used.

Virtual space:
  Non-class space:       24.00 MB reserved,      23.81 MB (>99%) committed,  3 nodes.
      Class space:        1.00 GB reserved,       3.00 MB ( <1%) committed,  1 nodes.
              Both:        1.02 GB reserved,      26.81 MB (  3%) committed. 

Chunk freelists:
   Non-Class:  176.00 KB
       Class:  1.00 MB
        Both:  1.17 MB

MaxMetaspaceSize: 17179869184.00 GB
CompressedClassSpaceSize: 1.00 GB
 - commit_granule_bytes: 65536.
 - commit_granule_words: 8192.
 - virtual_space_node_default_size: 1048576.
 - enlarge_chunks_in_place: 1.
 - new_chunks_are_fully_committed: 0.
 - uncommit_free_chunks: 1.
 - use_allocation_guard: 0.
 - handle_deallocations: 1.


Internal statistics:

num_allocs_failed_limit: 6.
num_arena_births: 182.
num_arena_deaths: 0.
num_vsnodes_births: 4.
num_vsnodes_deaths: 0.
num_space_committed: 429.
num_space_uncommitted: 0.
num_chunks_returned_to_freelist: 6.
num_chunks_taken_from_freelist: 665.
num_chunk_merges: 0.
num_chunk_splits: 424.
num_chunks_enlarged: 307.
num_purges: 0.

CodeHeap 'non-profiled nmethods': size=120064Kb used=785Kb max_used=785Kb free=119278Kb
 bounds [0x000000ec1f510000, 0x000000ec1f780000, 0x000000ec26a50000]
CodeHeap 'profiled nmethods': size=120000Kb used=4334Kb max_used=4334Kb free=115665Kb
 bounds [0x000000ec17fe0000, 0x000000ec18420000, 0x000000ec1f510000]
CodeHeap 'non-nmethods': size=5696Kb used=1243Kb max_used=1259Kb free=4452Kb
 bounds [0x000000ec17a50000, 0x000000ec17cc0000, 0x000000ec17fe0000]
 total_blobs=2699 nmethods=2146 adapters=465
 compilation: enabled
              stopped_count=0, restarted_count=0
 full_count=0

Compilation events (20 events):
Event: 7.308 Thread 0x000000ec2e534140 2137       3       org.openqa.selenium.json.JsonInput::readString (129 bytes)
Event: 7.309 Thread 0x000000ec2e534140 nmethod 2137 0x000000ec18419b90 code [0x000000ec18419f60, 0x000000ec1841b328]
Event: 7.309 Thread 0x000000ec2e5313c0 2138       4       java.nio.Buffer::<init> (105 bytes)
Event: 7.311 Thread 0x000000ec2e5313c0 nmethod 2138 0x000000ec1f5d0d90 code [0x000000ec1f5d0f20, 0x000000ec1f5d10f8]
Event: 7.311 Thread 0x000000ec2e5313c0 2140       4       java.nio.CharBuffer::<init> (24 bytes)
Event: 7.314 Thread 0x000000ec2e5313c0 nmethod 2140 0x000000ec1f5d1210 code [0x000000ec1f5d13a0, 0x000000ec1f5d1738]
Event: 7.314 Thread 0x000000ec2e5313c0 2139       4       java.nio.CharBuffer::position (6 bytes)
Event: 7.314 Thread 0x000000ec2e5313c0 nmethod 2139 0x000000ec1f5d1990 code [0x000000ec1f5d1b20, 0x000000ec1f5d1bf8]
Event: 7.315 Thread 0x000000ec2e5313c0 2141       4       java.nio.CharBuffer::limit (6 bytes)
Event: 7.315 Thread 0x000000ec2e5313c0 nmethod 2141 0x000000ec1f5d1d10 code [0x000000ec1f5d1ea0, 0x000000ec1f5d1f98]
Event: 7.315 Thread 0x000000ec2e5313c0 2142       4       java.nio.HeapCharBuffer::<init> (21 bytes)
Event: 7.318 Thread 0x000000ec2e5313c0 nmethod 2142 0x000000ec1f5d2090 code [0x000000ec1f5d2220, 0x000000ec1f5d25f8]
Event: 7.318 Thread 0x000000ec2e5313c0 2143       4       org.openqa.selenium.json.Input::append (57 bytes)
Event: 7.319 Thread 0x000000ec2e5313c0 nmethod 2143 0x000000ec1f5d2810 code [0x000000ec1f5d29a0, 0x000000ec1f5d2ab8]
Event: 7.319 Thread 0x000000ec2e5313c0 2144       4       org.openqa.selenium.json.Input::read (18 bytes)
Event: 7.328 Thread 0x000000ec2e5313c0 nmethod 2144 0x000000ec1f5d2c10 code [0x000000ec1f5d2da0, 0x000000ec1f5d2ee8]
Event: 7.328 Thread 0x000000ec2e5313c0 2145   !   4       java.io.StringReader::read (133 bytes)
Event: 7.331 Thread 0x000000ec2e5313c0 nmethod 2145 0x000000ec1f5d3010 code [0x000000ec1f5d31c0, 0x000000ec1f5d38f8]
Event: 7.332 Thread 0x000000ec2e5313c0 2146 %     4       org.openqa.selenium.json.JsonInput::readString @ 16 (129 bytes)
Event: 7.334 Thread 0x000000ec2e5313c0 nmethod 2146% 0x000000ec1f5d3d90 code [0x000000ec1f5d3f80, 0x000000ec1f5d4220]

GC Heap History (19 events):
Event: 0.612 GC heap before
{Heap before GC invocations=0 (full 0):
 garbage-first heap   total 131072K, used 5120K [0x0000000080000000, 0x0000000100000000)
  region size 1024K, 6 young (6144K), 0 survivors (0K)
 Metaspace       used 7894K, committed 7936K, reserved 1056768K
  class space    used 679K, committed 704K, reserved 1048576K
}
Event: 0.616 GC heap after
{Heap after GC invocations=1 (full 0):
 garbage-first heap   total 131072K, used 2934K [0x0000000080000000, 0x0000000100000000)
  region size 1024K, 1 young (1024K), 1 survivors (1024K)
 Metaspace       used 7894K, committed 7936K, reserved 1056768K
  class space    used 679K, committed 704K, reserved 1048576K
}
Event: 0.927 GC heap before
{Heap before GC invocations=1 (full 0):
 garbage-first heap   total 131072K, used 8054K [0x0000000080000000, 0x0000000100000000)
  region size 1024K, 6 young (6144K), 1 survivors (1024K)
 Metaspace       used 12291K, committed 12416K, reserved 1064960K
  class space    used 1152K, committed 1216K, reserved 1048576K
}
Event: 0.931 GC heap after
{Heap after GC invocations=2 (full 0):
 garbage-first heap   total 131072K, used 3883K [0x0000000080000000, 0x0000000100000000)
  region size 1024K, 1 young (1024K), 1 survivors (1024K)
 Metaspace       used 12291K, committed 12416K, reserved 1064960K
  class space    used 1152K, committed 1216K, reserved 1048576K
}
Event: 1.200 GC heap before
{Heap before GC invocations=2 (full 0):
 garbage-first heap   total 131072K, used 11051K [0x0000000080000000, 0x0000000100000000)
  region size 1024K, 9 young (9216K), 1 survivors (1024K)
 Metaspace       used 15366K, committed 15552K, reserved 1064960K
  class space    used 1492K, committed 1600K, reserved 1048576K
}
Event: 1.206 GC heap after
{Heap after GC invocations=3 (full 0):
 garbage-first heap   total 131072K, used 4944K [0x0000000080000000, 0x0000000100000000)
  region size 1024K, 2 young (2048K), 2 survivors (2048K)
 Metaspace       used 15366K, committed 15552K, reserved 1064960K
  class space    used 1492K, committed 1600K, reserved 1048576K
}
Event: 1.775 GC heap before
{Heap before GC invocations=3 (full 0):
 garbage-first heap   total 131072K, used 22352K [0x0000000080000000, 0x0000000100000000)
  region size 1024K, 20 young (20480K), 2 survivors (2048K)
 Metaspace       used 21046K, committed 21248K, reserved 1073152K
  class space    used 2196K, committed 2304K, reserved 1048576K
}
Event: 1.791 GC heap after
{Heap after GC invocations=4 (full 0):
 garbage-first heap   total 131072K, used 6350K [0x0000000080000000, 0x0000000100000000)
  region size 1024K, 4 young (4096K), 4 survivors (4096K)
 Metaspace       used 21046K, committed 21248K, reserved 1073152K
  class space    used 2196K, committed 2304K, reserved 1048576K
}
Event: 2.637 GC heap before
{Heap before GC invocations=5 (full 0):
 garbage-first heap   total 27648K, used 18638K [0x0000000080000000, 0x0000000100000000)
  region size 1024K, 16 young (16384K), 4 survivors (4096K)
 Metaspace       used 24408K, committed 24640K, reserved 1073152K
  class space    used 2601K, committed 2752K, reserved 1048576K
}
Event: 2.659 GC heap after
{Heap after GC invocations=6 (full 0):
 garbage-first heap   total 27648K, used 7927K [0x0000000080000000, 0x0000000100000000)
  region size 1024K, 2 young (2048K), 2 survivors (2048K)
 Metaspace       used 24408K, committed 24640K, reserved 1073152K
  class space    used 2601K, committed 2752K, reserved 1048576K
}
Event: 3.874 GC heap before
{Heap before GC invocations=7 (full 0):
 garbage-first heap   total 27648K, used 16119K [0x0000000080000000, 0x0000000100000000)
  region size 1024K, 11 young (11264K), 2 survivors (2048K)
 Metaspace       used 26849K, committed 27072K, reserved 1073152K
  class space    used 2920K, committed 3008K, reserved 1048576K
}
Event: 3.882 GC heap after
{Heap after GC invocations=8 (full 0):
 garbage-first heap   total 27648K, used 8656K [0x0000000080000000, 0x0000000100000000)
  region size 1024K, 1 young (1024K), 1 survivors (1024K)
 Metaspace       used 26849K, committed 27072K, reserved 1073152K
  class space    used 2920K, committed 3008K, reserved 1048576K
}
Event: 7.321 GC heap before
{Heap before GC invocations=8 (full 0):
 garbage-first heap   total 27648K, used 17872K [0x0000000080000000, 0x0000000100000000)
  region size 1024K, 10 young (10240K), 1 survivors (1024K)
 Metaspace       used 27205K, committed 27456K, reserved 1073152K
  class space    used 2963K, committed 3072K, reserved 1048576K
}
Event: 7.327 GC heap after
{Heap after GC invocations=9 (full 0):
 garbage-first heap   total 27648K, used 11024K [0x0000000080000000, 0x0000000100000000)
  region size 1024K, 2 young (2048K), 2 survivors (2048K)
 Metaspace       used 27205K, committed 27456K, reserved 1073152K
  class space    used 2963K, committed 3072K, reserved 1048576K
}
Event: 7.337 GC heap before
{Heap before GC invocations=9 (full 0):
 garbage-first heap   total 27648K, used 19216K [0x0000000080000000, 0x0000000100000000)
  region size 1024K, 10 young (10240K), 2 survivors (2048K)
 Metaspace       used 27205K, committed 27456K, reserved 1073152K
  class space    used 2963K, committed 3072K, reserved 1048576K
}
Event: 7.341 GC heap after
{Heap after GC invocations=10 (full 0):
 garbage-first heap   total 27648K, used 10514K [0x0000000080000000, 0x0000000100000000)
  region size 1024K, 1 young (1024K), 1 survivors (1024K)
 Metaspace       used 27205K, committed 27456K, reserved 1073152K
  class space    used 2963K, committed 3072K, reserved 1048576K
}
Event: 7.347 GC heap before
{Heap before GC invocations=10 (full 0):
 garbage-first heap   total 27648K, used 19730K [0x0000000080000000, 0x0000000100000000)
  region size 1024K, 10 young (10240K), 1 survivors (1024K)
 Metaspace       used 27205K, committed 27456K, reserved 1073152K
  class space    used 2963K, committed 3072K, reserved 1048576K
}
Event: 7.349 GC heap after
{Heap after GC invocations=11 (full 0):
 garbage-first heap   total 27648K, used 10638K [0x0000000080000000, 0x0000000100000000)
  region size 1024K, 1 young (1024K), 1 survivors (1024K)
 Metaspace       used 27205K, committed 27456K, reserved 1073152K
  class space    used 2963K, committed 3072K, reserved 1048576K
}
Event: 7.356 GC heap before
{Heap before GC invocations=11 (full 0):
 garbage-first heap   total 27648K, used 20878K [0x0000000080000000, 0x0000000100000000)
  region size 1024K, 10 young (10240K), 1 survivors (1024K)
 Metaspace       used 27205K, committed 27456K, reserved 1073152K
  class space    used 2963K, committed 3072K, reserved 1048576K
}

Deoptimization events (20 events):
Event: 3.853 Thread 0x000000ec1450d740 Uncommon trap: trap_request=0xffffff45 fr.pc=0x000000ec1f571428 relative=0x0000000000000f08
Event: 3.853 Thread 0x000000ec1450d740 Uncommon trap: reason=unstable_if action=reinterpret pc=0x000000ec1f571428 method=java.util.concurrent.ConcurrentHashMap.putVal(Ljava/lang/Object;Ljava/lang/Object;Z)Ljava/lang/Object; @ 256 c2
Event: 3.853 Thread 0x000000ec1450d740 DEOPT PACKING pc=0x000000ec1f571428 sp=0x000000ec1252ccd0
Event: 3.853 Thread 0x000000ec1450d740 DEOPT UNPACKING pc=0x000000ec17a9d72e sp=0x000000ec1252cc48 mode 2
Event: 4.948 Thread 0x000000ec1450d740 Uncommon trap: trap_request=0xffffff45 fr.pc=0x000000ec1f526638 relative=0x0000000000000038
Event: 4.948 Thread 0x000000ec1450d740 Uncommon trap: reason=unstable_if action=reinterpret pc=0x000000ec1f526638 method=java.lang.StringLatin1.canEncode(I)Z @ 4 c2
Event: 4.948 Thread 0x000000ec1450d740 DEOPT PACKING pc=0x000000ec1f526638 sp=0x000000ec1252cdf0
Event: 4.948 Thread 0x000000ec1450d740 DEOPT UNPACKING pc=0x000000ec17a9d72e sp=0x000000ec1252cd80 mode 2
Event: 4.952 Thread 0x000000ec1450d740 Uncommon trap: trap_request=0xffffff45 fr.pc=0x000000ec1f565374 relative=0x0000000000000354
Event: 4.952 Thread 0x000000ec1450d740 Uncommon trap: reason=unstable_if action=reinterpret pc=0x000000ec1f565374 method=java.lang.AbstractStringBuilder.isLatin1()Z @ 10 c2
Event: 4.952 Thread 0x000000ec1450d740 DEOPT PACKING pc=0x000000ec1f565374 sp=0x000000ec1252d590
Event: 4.952 Thread 0x000000ec1450d740 DEOPT UNPACKING pc=0x000000ec17a9d72e sp=0x000000ec1252d510 mode 2
Event: 4.953 Thread 0x000000ec1450d740 Uncommon trap: trap_request=0xffffff45 fr.pc=0x000000ec1f57c6a0 relative=0x0000000000000080
Event: 4.953 Thread 0x000000ec1450d740 Uncommon trap: reason=unstable_if action=reinterpret pc=0x000000ec1f57c6a0 method=java.lang.String.codePointAt(I)I @ 4 c2
Event: 4.953 Thread 0x000000ec1450d740 DEOPT PACKING pc=0x000000ec1f57c6a0 sp=0x000000ec1252d610
Event: 4.953 Thread 0x000000ec1450d740 DEOPT UNPACKING pc=0x000000ec17a9d72e sp=0x000000ec1252d5b8 mode 2
Event: 4.954 Thread 0x000000ec1450d740 Uncommon trap: trap_request=0xffffff45 fr.pc=0x000000ec1f5369ec relative=0x000000000000044c
Event: 4.954 Thread 0x000000ec1450d740 Uncommon trap: reason=unstable_if action=reinterpret pc=0x000000ec1f5369ec method=java.lang.AbstractStringBuilder.putStringAt(ILjava/lang/String;II)V @ 8 c2
Event: 4.954 Thread 0x000000ec1450d740 DEOPT PACKING pc=0x000000ec1f5369ec sp=0x000000ec1252cd10
Event: 4.954 Thread 0x000000ec1450d740 DEOPT UNPACKING pc=0x000000ec17a9d72e sp=0x000000ec1252cbf0 mode 2

Classes unloaded (0 events):
No events

Classes redefined (0 events):
No events

Internal exceptions (20 events):
Event: 1.913 Thread 0x000000ec1450d740 Exception <a 'java/lang/NoSuchMethodError'{0x0000000081291e30}: 'void java.lang.invoke.DirectMethodHandle$Holder.invokeStaticInit(java.lang.Object, java.lang.Object)'> (0x0000000081291e30) 
thrown [t:\workspace\open\src\hotspot\share\interpreter\linkResolver.cpp, line 790]
Event: 2.049 Thread 0x000000ec30db28d0 Exception <a 'java/lang/NoSuchMethodError'{0x0000000080e93678}: 'void java.lang.invoke.DirectMethodHandle$Holder.invokeStatic(java.lang.Object, long)'> (0x0000000080e93678) 
thrown [t:\workspace\open\src\hotspot\share\interpreter\linkResolver.cpp, line 790]
Event: 2.049 Thread 0x000000ec30db28d0 Exception <a 'java/lang/NoSuchMethodError'{0x0000000080e98dc8}: 'java.lang.Object java.lang.invoke.DirectMethodHandle$Holder.newInvokeSpecial(java.lang.Object, long)'> (0x0000000080e98dc8) 
thrown [t:\workspace\open\src\hotspot\share\interpreter\linkResolver.cpp, line 790]
Event: 2.051 Thread 0x000000ec30db28d0 Exception <a 'java/lang/NoSuchMethodError'{0x0000000080ea3498}: 'java.lang.Object java.lang.invoke.DirectMethodHandle$Holder.invokeStaticInit(java.lang.Object, java.lang.Object, long, java.lang.Object)'> (0x0000000080ea3498) 
thrown [t:\workspace\open\src\hotspot\share\interpreter\linkResolver.cpp, line 790]
Event: 2.052 Thread 0x000000ec30db28d0 Exception <a 'java/lang/NoSuchMethodError'{0x0000000080ea97d0}: 'java.lang.Object java.lang.invoke.DirectMethodHandle$Holder.newInvokeSpecial(java.lang.Object, java.lang.Object, long)'> (0x0000000080ea97d0) 
thrown [t:\workspace\open\src\hotspot\share\interpreter\linkResolver.cpp, line 790]
Event: 2.052 Thread 0x000000ec30db28d0 Exception <a 'java/lang/NoSuchMethodError'{0x0000000080ead540}: 'java.lang.Object java.lang.invoke.Invokers$Holder.linkToTargetMethod(java.lang.Object, long, java.lang.Object)'> (0x0000000080ead540) 
thrown [t:\workspace\open\src\hotspot\share\interpreter\linkResolver.cpp, line 790]
Event: 2.549 Thread 0x000000ec3111be00 Exception <a 'java/net/SocketException'{0x0000000080d88ac8}: Socket is not connected: shutdown> (0x0000000080d88ac8) 
thrown [t:\workspace\open\src\hotspot\share\prims\jni.cpp, line 600]
Event: 2.579 Thread 0x000000ec1450d740 Exception <a 'java/lang/NoSuchMethodError'{0x0000000080c0c3b0}: 'java.lang.Object java.lang.invoke.DirectMethodHandle$Holder.invokeInterface(java.lang.Object, java.lang.Object, java.lang.Object)'> (0x0000000080c0c3b0) 
thrown [t:\workspace\open\src\hotspot\share\interpreter\linkResolver.cpp, line 790]
Event: 2.580 Thread 0x000000ec1450d740 Exception <a 'java/lang/IncompatibleClassChangeError'{0x0000000080c10110}: Found class java.lang.Object, but interface was expected> (0x0000000080c10110) 
thrown [t:\workspace\open\src\hotspot\share\interpreter\linkResolver.cpp, line 857]
Event: 2.581 Thread 0x000000ec1450d740 Exception <a 'java/lang/NoSuchMethodError'{0x0000000080c18ae8}: 'int java.lang.invoke.DirectMethodHandle$Holder.invokeSpecialIFC(java.lang.Object, java.lang.Object, java.lang.Object, java.lang.Object)'> (0x0000000080c18ae8) 
thrown [t:\workspace\open\src\hotspot\share\interpreter\linkResolver.cpp, line 790]
Event: 2.582 Thread 0x000000ec1450d740 Exception <a 'java/lang/NoSuchMethodError'{0x0000000080c21340}: 'java.lang.Object java.lang.invoke.DirectMethodHandle$Holder.invokeInterface(java.lang.Object, java.lang.Object, java.lang.Object, java.lang.Object)'> (0x0000000080c21340) 
thrown [t:\workspace\open\src\hotspot\share\interpreter\linkResolver.cpp, line 790]
Event: 2.587 Thread 0x000000ec1450d740 Exception <a 'java/lang/NoSuchMethodError'{0x0000000080c48058}: 'java.lang.Object java.lang.invoke.DirectMethodHandle$Holder.invokeVirtual(java.lang.Object, java.lang.Object, java.lang.Object)'> (0x0000000080c48058) 
thrown [t:\workspace\open\src\hotspot\share\interpreter\linkResolver.cpp, line 790]
Event: 2.597 Thread 0x000000ec1450d740 Exception <a 'java/lang/NoSuchMethodError'{0x0000000080cc0550}: 'void java.lang.invoke.DirectMethodHandle$Holder.invokeInterface(java.lang.Object, java.lang.Object, java.lang.Object)'> (0x0000000080cc0550) 
thrown [t:\workspace\open\src\hotspot\share\interpreter\linkResolver.cpp, line 790]
Event: 2.607 Thread 0x000000ec1450d740 Exception <a 'java/lang/NoSuchMethodError'{0x0000000080b24390}: 'double java.lang.invoke.DirectMethodHandle$Holder.invokeVirtual(java.lang.Object, java.lang.Object)'> (0x0000000080b24390) 
thrown [t:\workspace\open\src\hotspot\share\interpreter\linkResolver.cpp, line 790]
Event: 2.608 Thread 0x000000ec1450d740 Exception <a 'java/lang/NoSuchMethodError'{0x0000000080b2ae18}: 'float java.lang.invoke.DirectMethodHandle$Holder.invokeVirtual(java.lang.Object, java.lang.Object)'> (0x0000000080b2ae18) 
thrown [t:\workspace\open\src\hotspot\share\interpreter\linkResolver.cpp, line 790]
Event: 2.609 Thread 0x000000ec1450d740 Exception <a 'java/lang/NoSuchMethodError'{0x0000000080b340a0}: 'long java.lang.invoke.DirectMethodHandle$Holder.invokeVirtual(java.lang.Object, java.lang.Object)'> (0x0000000080b340a0) 
thrown [t:\workspace\open\src\hotspot\share\interpreter\linkResolver.cpp, line 790]
Event: 2.686 Thread 0x000000ec1450d740 Exception <a 'java/lang/NoSuchMethodError'{0x0000000087f85428}: 'void java.lang.invoke.DirectMethodHandle$Holder.invokeSpecial(java.lang.Object, java.lang.Object, java.lang.Object, java.lang.Object, java.lang.Object)'> (0x0000000087f85428) 
thrown [t:\workspace\open\src\hotspot\share\interpreter\linkResolver.cpp, line 790]
Event: 2.709 Thread 0x000000ec1450d740 Exception <a 'java/lang/NoSuchMethodError'{0x0000000086b5e3e8}: 'java.lang.Object java.lang.invoke.DirectMethodHandle$Holder.newInvokeSpecial(java.lang.Object, java.lang.Object, java.lang.Object, java.lang.Object, java.lang.Object)'> (0x0000000086b5e3e8) 
thrown [t:\workspace\open\src\hotspot\share\interpreter\linkResolver.cpp, line 790]
Event: 3.827 Thread 0x000000ec1450d740 Exception <a 'java/lang/NoSuchMethodError'{0x0000000081251600}: 'java.lang.Object java.lang.invoke.DirectMethodHandle$Holder.invokeSpecialIFC(java.lang.Object, java.lang.Object, java.lang.Object)'> (0x0000000081251600) 
thrown [t:\workspace\open\src\hotspot\share\interpreter\linkResolver.cpp, line 790]
Event: 3.871 Thread 0x000000ec1450d740 Exception <a 'java/lang/ClassNotFoundException'{0x00000000812f3bb8}: sun/util/logging/resources/spi/loggingProvider> (0x00000000812f3bb8) 
thrown [t:\workspace\open\src\hotspot\share\classfile\systemDictionary.cpp, line 256]

Events (20 events):
Event: 3.882 Executing  VM operation: G1CollectForAllocation done
Event: 4.925 Executing  VM operation: ICBufferFull
Event: 4.925 Executing  VM operation: ICBufferFull done
Event: 4.948 loading class java/lang/StringUTF16$CodePointsSpliterator
Event: 4.948 loading class java/lang/StringUTF16$CodePointsSpliterator done
Event: 4.953 loading class java/net/URLEncoder
Event: 4.953 loading class java/net/URLEncoder done
Event: 4.953 loading class java/io/CharArrayWriter
Event: 4.953 loading class java/io/CharArrayWriter done
Event: 6.936 Executing  VM operation: Cleanup
Event: 6.936 Executing  VM operation: Cleanup done
Event: 7.309 loading class jdk/internal/access/foreign/MemorySegmentProxy
Event: 7.309 loading class jdk/internal/access/foreign/MemorySegmentProxy done
Event: 7.320 Executing  VM operation: G1CollectForAllocation
Event: 7.327 Executing  VM operation: G1CollectForAllocation done
Event: 7.337 Executing  VM operation: G1CollectForAllocation
Event: 7.341 Executing  VM operation: G1CollectForAllocation done
Event: 7.347 Executing  VM operation: G1CollectForAllocation
Event: 7.349 Executing  VM operation: G1CollectForAllocation done
Event: 7.356 Executing  VM operation: G1CollectForAllocation


Dynamic libraries:
0x00007ff7c2f60000 - 0x00007ff7c2f6e000 	C:\Users\MYU076GJ\.p2\pool\plugins\org.eclipse.justj.openjdk.hotspot.jre.full.win32.x86_64_16.0.2.v20210721-1149\jre\bin\javaw.exe
0x00007fffcf470000 - 0x00007fffcf61d000 	C:\Windows\SYSTEM32\ntdll.dll
0x00007fffccd50000 - 0x00007fffcce8f000 	C:\Windows\system32\KERNEL32.DLL
0x00007fffcc790000 - 0x00007fffcc8a5000 	C:\Windows\system32\KERNELBASE.dll
0x00007fffc4d30000 - 0x00007fffc4d48000 	C:\Users\MYU076GJ\.p2\pool\plugins\org.eclipse.justj.openjdk.hotspot.jre.full.win32.x86_64_16.0.2.v20210721-1149\jre\bin\jli.dll
0x00007fffc4d10000 - 0x00007fffc4d29000 	C:\Users\MYU076GJ\.p2\pool\plugins\org.eclipse.justj.openjdk.hotspot.jre.full.win32.x86_64_16.0.2.v20210721-1149\jre\bin\VCRUNTIME140.dll
0x00007fffc7360000 - 0x00007fffc7364000 	C:\Users\MYU076GJ\.p2\pool\plugins\org.eclipse.justj.openjdk.hotspot.jre.full.win32.x86_64_16.0.2.v20210721-1149\jre\bin\api-ms-win-crt-stdio-l1-1-0.dll
0x00007fffc68f0000 - 0x00007fffc68f4000 	C:\Users\MYU076GJ\.p2\pool\plugins\org.eclipse.justj.openjdk.hotspot.jre.full.win32.x86_64_16.0.2.v20210721-1149\jre\bin\api-ms-win-crt-runtime-l1-1-0.dll
0x00007fffc5640000 - 0x00007fffc5643000 	C:\Users\MYU076GJ\.p2\pool\plugins\org.eclipse.justj.openjdk.hotspot.jre.full.win32.x86_64_16.0.2.v20210721-1149\jre\bin\api-ms-win-crt-environment-l1-1-0.dll
0x00007fffc5620000 - 0x00007fffc5625000 	C:\Users\MYU076GJ\.p2\pool\plugins\org.eclipse.justj.openjdk.hotspot.jre.full.win32.x86_64_16.0.2.v20210721-1149\jre\bin\api-ms-win-crt-math-l1-1-0.dll
0x00007fffc4c80000 - 0x00007fffc4c83000 	C:\Users\MYU076GJ\.p2\pool\plugins\org.eclipse.justj.openjdk.hotspot.jre.full.win32.x86_64_16.0.2.v20210721-1149\jre\bin\api-ms-win-crt-locale-l1-1-0.dll
0x00007fffc4c30000 - 0x00007fffc4c33000 	C:\Users\MYU076GJ\.p2\pool\plugins\org.eclipse.justj.openjdk.hotspot.jre.full.win32.x86_64_16.0.2.v20210721-1149\jre\bin\api-ms-win-crt-heap-l1-1-0.dll
0x00007fffca940000 - 0x00007fffcabbb000 	C:\Windows\WinSxS\amd64_microsoft.windows.common-controls_6595b64144ccf1df_6.0.9600.19394_none_62486577ecb635cf\COMCTL32.dll
0x00007fffcd0b0000 - 0x00007fffcd227000 	C:\Windows\system32\USER32.dll
0x00007fffc4c20000 - 0x00007fffc4c23000 	C:\Users\MYU076GJ\.p2\pool\plugins\org.eclipse.justj.openjdk.hotspot.jre.full.win32.x86_64_16.0.2.v20210721-1149\jre\bin\api-ms-win-crt-filesystem-l1-1-0.dll
0x00007fffc4c10000 - 0x00007fffc4c14000 	C:\Users\MYU076GJ\.p2\pool\plugins\org.eclipse.justj.openjdk.hotspot.jre.full.win32.x86_64_16.0.2.v20210721-1149\jre\bin\api-ms-win-crt-string-l1-1-0.dll
0x00007fffc4ab0000 - 0x00007fffc4ab4000 	C:\Users\MYU076GJ\.p2\pool\plugins\org.eclipse.justj.openjdk.hotspot.jre.full.win32.x86_64_16.0.2.v20210721-1149\jre\bin\api-ms-win-crt-convert-l1-1-0.dll
0x00007fffced40000 - 0x00007fffcedea000 	C:\Windows\system32\msvcrt.dll
0x00007fffcf210000 - 0x00007fffcf35e000 	C:\Windows\system32\GDI32.dll
0x00007fff95f90000 - 0x00007fff9608a000 	C:\Users\MYU076GJ\.p2\pool\plugins\org.eclipse.justj.openjdk.hotspot.jre.full.win32.x86_64_16.0.2.v20210721-1149\jre\bin\ucrtbase.DLL
0x00007fffcf3c0000 - 0x00007fffcf3f6000 	C:\Windows\system32\IMM32.DLL
0x00007fffcd380000 - 0x00007fffcd4d1000 	C:\Windows\system32\MSCTF.dll
0x00007fffc4aa0000 - 0x00007fffc4aac000 	C:\Users\MYU076GJ\.p2\pool\plugins\org.eclipse.justj.openjdk.hotspot.jre.full.win32.x86_64_16.0.2.v20210721-1149\jre\bin\vcruntime140_1.dll
0x00007fffa5350000 - 0x00007fffa53e1000 	C:\Users\MYU076GJ\.p2\pool\plugins\org.eclipse.justj.openjdk.hotspot.jre.full.win32.x86_64_16.0.2.v20210721-1149\jre\bin\msvcp140.dll
0x00007fffc4a90000 - 0x00007fffc4a93000 	C:\Users\MYU076GJ\.p2\pool\plugins\org.eclipse.justj.openjdk.hotspot.jre.full.win32.x86_64_16.0.2.v20210721-1149\jre\bin\api-ms-win-crt-time-l1-1-0.dll
0x00007fffc45f0000 - 0x00007fffc45f3000 	C:\Users\MYU076GJ\.p2\pool\plugins\org.eclipse.justj.openjdk.hotspot.jre.full.win32.x86_64_16.0.2.v20210721-1149\jre\bin\api-ms-win-crt-utility-l1-1-0.dll
0x00007fff7fb20000 - 0x00007fff806cb000 	C:\Users\MYU076GJ\.p2\pool\plugins\org.eclipse.justj.openjdk.hotspot.jre.full.win32.x86_64_16.0.2.v20210721-1149\jre\bin\server\jvm.dll
0x00007fffccb00000 - 0x00007fffccbaa000 	C:\Windows\system32\ADVAPI32.dll
0x00007fffc3330000 - 0x00007fffc3339000 	C:\Windows\SYSTEM32\WSOCK32.dll
0x00007fffb90c0000 - 0x00007fffb90e2000 	C:\Windows\SYSTEM32\WINMM.dll
0x00007fffc80c0000 - 0x00007fffc80ca000 	C:\Windows\SYSTEM32\VERSION.dll
0x00007fffccc70000 - 0x00007fffccc77000 	C:\Windows\system32\PSAPI.DLL
0x00007fffcf360000 - 0x00007fffcf3b8000 	C:\Windows\SYSTEM32\sechost.dll
0x00007fffcec00000 - 0x00007fffced3a000 	C:\Windows\system32\RPCRT4.dll
0x00007fffcd320000 - 0x00007fffcd37a000 	C:\Windows\system32\WS2_32.dll
0x00007fffb9090000 - 0x00007fffb90ba000 	C:\Windows\SYSTEM32\WINMMBASE.dll
0x00007fffcc660000 - 0x00007fffcc68e000 	C:\Windows\system32\SspiCli.dll
0x00007fffcd6c0000 - 0x00007fffcd6c9000 	C:\Windows\system32\NSI.dll
0x00007fffcc740000 - 0x00007fffcc78f000 	C:\Windows\SYSTEM32\cfgmgr32.dll
0x00007fffcb440000 - 0x00007fffcb468000 	C:\Windows\SYSTEM32\DEVOBJ.dll
0x00007fffc77c0000 - 0x00007fffc77ca000 	C:\Users\MYU076GJ\.p2\pool\plugins\org.eclipse.justj.openjdk.hotspot.jre.full.win32.x86_64_16.0.2.v20210721-1149\jre\bin\jimage.dll
0x00007fffc3790000 - 0x00007fffc3919000 	C:\Windows\SYSTEM32\DBGHELP.DLL
0x00007fffc7370000 - 0x00007fffc7395000 	C:\Users\MYU076GJ\.p2\pool\plugins\org.eclipse.justj.openjdk.hotspot.jre.full.win32.x86_64_16.0.2.v20210721-1149\jre\bin\java.dll
0x00007fffc73f0000 - 0x00007fffc7408000 	C:\Users\MYU076GJ\.p2\pool\plugins\org.eclipse.justj.openjdk.hotspot.jre.full.win32.x86_64_16.0.2.v20210721-1149\jre\bin\zip.dll
0x00007fffcd6d0000 - 0x00007fffcebfe000 	C:\Windows\system32\SHELL32.dll
0x00007fffcce90000 - 0x00007fffcd0a1000 	C:\Windows\SYSTEM32\combase.dll
0x00007fffcf010000 - 0x00007fffcf064000 	C:\Windows\system32\SHLWAPI.dll
0x00007fffcaee0000 - 0x00007fffcaf92000 	C:\Windows\SYSTEM32\SHCORE.dll
0x00007fffcc590000 - 0x00007fffcc5a5000 	C:\Windows\SYSTEM32\profapi.dll
0x00007fffa7500000 - 0x00007fffa7519000 	C:\Users\MYU076GJ\.p2\pool\plugins\org.eclipse.justj.openjdk.hotspot.jre.full.win32.x86_64_16.0.2.v20210721-1149\jre\bin\net.dll
0x00007fffc8b30000 - 0x00007fffc8bf9000 	C:\Windows\SYSTEM32\WINHTTP.dll
0x00007fffcbce0000 - 0x00007fffcbd39000 	C:\Windows\system32\mswsock.dll
0x00007fffa7040000 - 0x00007fffa7053000 	C:\Users\MYU076GJ\.p2\pool\plugins\org.eclipse.justj.openjdk.hotspot.jre.full.win32.x86_64_16.0.2.v20210721-1149\jre\bin\nio.dll
0x00007fffcbb50000 - 0x00007fffcbbf4000 	C:\Windows\SYSTEM32\DNSAPI.dll
0x00007fffc7880000 - 0x00007fffc788a000 	C:\Windows\System32\rasadhlp.dll
0x00007fffc8300000 - 0x00007fffc836b000 	C:\Windows\System32\fwpuclnt.dll
0x00007fffcbe30000 - 0x00007fffcbe50000 	C:\Windows\SYSTEM32\CRYPTSP.dll
0x00007fffcba80000 - 0x00007fffcbab6000 	C:\Windows\system32\rsaenh.dll
0x00007fffcc070000 - 0x00007fffcc096000 	C:\Windows\SYSTEM32\bcrypt.dll
0x00007fffcbd50000 - 0x00007fffcbd71000 	C:\Windows\SYSTEM32\USERENV.dll
0x00007fffcc390000 - 0x00007fffcc3f3000 	C:\Windows\system32\bcryptprimitives.dll
0x00007fffcc400000 - 0x00007fffcc40b000 	C:\Windows\SYSTEM32\CRYPTBASE.dll
0x00007fffc8520000 - 0x00007fffc854a000 	C:\Windows\SYSTEM32\IPHLPAPI.DLL
0x00007fffc8500000 - 0x00007fffc850a000 	C:\Windows\SYSTEM32\WINNSI.DLL
0x00007fffc82e0000 - 0x00007fffc82f6000 	C:\Windows\SYSTEM32\dhcpcsvc6.DLL
0x00007fffc82c0000 - 0x00007fffc82da000 	C:\Windows\SYSTEM32\dhcpcsvc.DLL
0x00007fffc7810000 - 0x00007fffc781e000 	C:\Users\MYU076GJ\.p2\pool\plugins\org.eclipse.justj.openjdk.hotspot.jre.full.win32.x86_64_16.0.2.v20210721-1149\jre\bin\sunmscapi.dll
0x00007fffcc8b0000 - 0x00007fffcca8e000 	C:\Windows\system32\CRYPT32.dll
0x00007fffcc040000 - 0x00007fffcc065000 	C:\Windows\SYSTEM32\ncrypt.dll
0x00007fffcc640000 - 0x00007fffcc651000 	C:\Windows\system32\MSASN1.dll
0x00007fffcbfc0000 - 0x00007fffcbff7000 	C:\Windows\SYSTEM32\NTASN1.dll
0x00007fffc7790000 - 0x00007fffc77a0000 	C:\Users\MYU076GJ\.p2\pool\plugins\org.eclipse.justj.openjdk.hotspot.jre.full.win32.x86_64_16.0.2.v20210721-1149\jre\bin\verify.dll

dbghelp: loaded successfully - version: 4.0.5 - missing functions: none
symbol engine: initialized successfully - sym options: 0x614 - pdb path: .;C:\Users\MYU076GJ\.p2\pool\plugins\org.eclipse.justj.openjdk.hotspot.jre.full.win32.x86_64_16.0.2.v20210721-1149\jre\bin;C:\Windows\SYSTEM32;C:\Windows\WinSxS\amd64_microsoft.windows.common-controls_6595b64144ccf1df_6.0.9600.19394_none_62486577ecb635cf;C:\Users\MYU076GJ\.p2\pool\plugins\org.eclipse.justj.openjdk.hotspot.jre.full.win32.x86_64_16.0.2.v20210721-1149\jre\bin\server

VM Arguments:
jvm_args: -ea -Dfile.encoding=Cp1252 -XX:+ShowCodeDetailsInExceptionMessages 
java_command: org.testng.remote.RemoteTestNG -serport 19728 -protocol json -d C:\Users\MYU076GJ\eclpse-workspace-2021\LGSTest\test-output C:\Users\MYU076GJ\AppData\Local\Temp\2\testng-eclipse--1768273467\testng-customsuite.xml
java_class_path (initial): C:\Users\MYU076GJ\eclipse\java-2021-06\eclipse\configuration\org.eclipse.osgi\442\0\.cp\lib\testng-remote.jar;C:\Users\MYU076GJ\eclpse-workspace-2021\LGSTest\target\test-classes;C:\Users\MYU076GJ\eclpse-workspace-2021\LGSTest\target\classes;C:\Users\MYU076GJ\.p2\pool\plugins\org.testng_7.4.0.r202105021533.jar;C:\Users\MYU076GJ\.p2\pool\plugins\com.beust.jcommander_1.78.0.jar;C:\Users\MYU076GJ\.p2\pool\plugins\org.apache-extras.beanshell.bsh_2.0.0.b6.jar;C:\Users\MYU076GJ\.p2\pool\plugins\org.yaml.snakeyaml_1.21.0.jar;C:\Users\MYU076GJ\.p2\pool\plugins\org.webjars.jquery_3.5.1.jar;C:\Users\MYU076GJ\.m2\repository\org\seleniumhq\selenium\selenium-java\3.141.59\selenium-java-3.141.59.jar;C:\Users\MYU076GJ\.m2\repository\org\seleniumhq\selenium\selenium-api\3.141.59\selenium-api-3.141.59.jar;C:\Users\MYU076GJ\.m2\repository\org\seleniumhq\selenium\selenium-chrome-driver\3.141.59\selenium-chrome-driver-3.141.59.jar;C:\Users\MYU076GJ\.m2\repository\org\seleniumhq\selenium\selenium-edge-driver\3.141.59\selenium-edge-driver-3.141.59.jar;C:\Users\MYU076GJ\.m2\repository\org\seleniumhq\selenium\selenium-firefox-driver\3.141.59\selenium-firefox-driver-3.141.59.jar;C:\Users\MYU076GJ\.m2\repository\org\seleniumhq\selenium\selenium-ie-driver\3.141.59\selenium-ie-driver-3.141.59.jar;C:\Users\MYU076GJ\.m2\repository\org\seleniumhq\selenium\selenium-opera-driver\3.141.59\selenium-opera-driver-3.141.59.jar;C:\Users\MYU076GJ\.m2\repository\org\seleniumhq\selenium\selenium-remote-driver\3.141.59\selenium-remote-driver-3.141.59.jar;C:\Users\MYU076GJ\.m2\repository\org\seleniumhq\selenium\selenium-safari-driver\3.141.59\selenium-safari-driver-3.141.59.jar;C:\Users\MYU076GJ\.m2\repository\org\seleniumhq\selenium\selenium-support\3.141.59\selenium-support-3.141.59.jar;C:\Users\MYU076GJ\.m2\repository\net\bytebuddy\byte-buddy\1.8.15\byte-buddy-1.8.15.jar;C:\Users\MYU076GJ\.m2\repository\org\apache\commons\commons-exec\1.3\commons-exec-1.3.jar;C:\Users\MYU076GJ\.
Launcher Type: SUN_STANDARD

[Global flags]
     intx CICompilerCount                          = 2                                         {product} {ergonomic}
     uint ConcGCThreads                            = 1                                         {product} {ergonomic}
     uint G1ConcRefinementThreads                  = 2                                         {product} {ergonomic}
   size_t G1HeapRegionSize                         = 1048576                                   {product} {ergonomic}
    uintx GCDrainStackTargetSize                   = 64                                        {product} {ergonomic}
   size_t InitialHeapSize                          = 134217728                                 {product} {ergonomic}
   size_t MarkStackSize                            = 4194304                                   {product} {ergonomic}
   size_t MaxHeapSize                              = 2147483648                                {product} {ergonomic}
   size_t MaxNewSize                               = 1287651328                                {product} {ergonomic}
   size_t MinHeapDeltaBytes                        = 1048576                                   {product} {ergonomic}
   size_t MinHeapSize                              = 8388608                                   {product} {ergonomic}
    uintx NonNMethodCodeHeapSize                   = 5826188                                {pd product} {ergonomic}
    uintx NonProfiledCodeHeapSize                  = 122916026                              {pd product} {ergonomic}
    uintx ProfiledCodeHeapSize                     = 122916026                              {pd product} {ergonomic}
    uintx ReservedCodeCacheSize                    = 251658240                              {pd product} {ergonomic}
     bool SegmentedCodeCache                       = true                                      {product} {ergonomic}
     bool ShowCodeDetailsInExceptionMessages       = true                                   {manageable} {command line}
   size_t SoftMaxHeapSize                          = 2147483648                             {manageable} {ergonomic}
     bool UseCompressedClassPointers               = true                           {product lp64_product} {ergonomic}
     bool UseCompressedOops                        = true                           {product lp64_product} {ergonomic}
     bool UseG1GC                                  = true                                      {product} {ergonomic}
     bool UseLargePagesIndividualAllocation        = false                                  {pd product} {ergonomic}

Logging:
Log output configuration:
 #0: stdout all=warning uptime,level,tags
 #1: stderr all=off uptime,level,tags

Environment Variables:
JAVA_HOME=C:\Program Files\Java\jdk1.8.0_281
PATH=C:/Users/MYU076GJ/.p2/pool/plugins/org.eclipse.justj.openjdk.hotspot.jre.full.win32.x86_64_16.0.2.v20210721-1149/jre/bin/server;C:/Users/MYU076GJ/.p2/pool/plugins/org.eclipse.justj.openjdk.hotspot.jre.full.win32.x86_64_16.0.2.v20210721-1149/jre/bin;C:\Program Files (x86)\Common Files\Oracle\Java\javapath;E:\app\client\myu076gj\product\12.2.0\client_1;E:\app\client\myu076gj\product\12.2.0\client_1\bin;E:\app\client\myu076gj\product\12.2.0\client_2;E:\app\client\myu076gj\product\12.2.0\client_2\bin;C:\ProgramData\Oracle\Java\javapath;C:\Windows\system32;C:\Windows;C:\Windows\System32\Wbem;C:\Windows\System32\WindowsPowerShell\v1.0\;C:\Program Files\Microsoft Network Monitor 3\;c:\Program Files (x86)\Microsoft ASP.NET\ASP.NET Web Pages\v1.0\;E:\Applications\Debugging Tools for Windows\Windows Performance Toolkit\;E:\Applications\Microsoft SQL Server\110\DTS\Binn\;E:\Applications (x86)\Microsoft SQL Server\110\Tools\Binn\;E:\Applications\Microsoft SQL Server\110\Tools\Binn\;E:\Applications (x86)\Microsoft SQL Server\110\Tools\Binn\ManagementStudio\;C:\Program Files (x86)\Microsoft Visual Studio 10.0\Common7\IDE\PrivateAssemblies\;E:\Applications (x86)\Microsoft SQL Server\110\DTS\Binn\;C:\Program Files (x86)\Microsoft SDKs\TypeScript\1.0\;E:\Applications\Microsoft SQL Server\120\Tools\Binn\;E:\Applications\IBM\Client Access\Emulator;E:\Applications\IBM\Client Access\Shared;E:\Applications\IBM\Client Access\;C:\Program Files\Git\cmd;C:\Users\MYU076GJ\AppData\Local\Android\Sdk\platform-tools;C:\Program Files\Java\jdk1.8.0_281\bin;C:\Users\MYU076GJ\Documents\Selenium;C:\Users\MYU076GJ\Documents\GCCAutomationTest - Local Run\qa-automation-framework\node_modules\.bin;C:\Program Files\Git\bin;E:\Applications\Microsoft SQL Server\130\Tools\Binn\;E:\Applications\Microsoft SQL Server\Client SDK\ODBC\170\Tools\Binn\;C:\Program Files\Amazon\AWSCLIV2\;C:\Program Files\PowerShell\7\;C:\oracle\instantclient_19_9;E:\Applications (x86)\Microsoft SQL Server\150\DTS\Binn\;C:\Program Fi
USERNAME=myu076gj
OS=Windows_NT
PROCESSOR_IDENTIFIER=Intel64 Family 6 Model 79 Stepping 1, GenuineIntel



---------------  S Y S T E M  ---------------

OS:
 Windows Server 2012 R2 , 64 bit Build 9600 (6.3.9600.20062)
OS uptime: 15 days 22:48 hours
VMWare virtualization detected

CPU: total 2 (initial active 2) (1 cores per cpu, 1 threads per core) family 6 model 79 stepping 1 microcode 0xb000038, cx8, cmov, fxsr, mmx, 3dnowpref, sse, sse2, sse3, ssse3, sse4.1, sse4.2, popcnt, lzcnt, tsc, tscinvbit, avx, avx2, aes, erms, clmul, bmi1, bmi2, adx, fma, vzeroupper, clflush, hv

Memory: 4k page, system-wide physical 8191M (317M free)
TotalPageFile size 11263M (AvailPageFile size 33M)
current process WorkingSet (physical memory assigned to process): 102M, peak: 106M
current process commit charge ("private bytes"): 122M, peak: 224M

vm_info: OpenJDK 64-Bit Server VM (16.0.2+7-67) for windows-amd64 JRE (16.0.2+7-67), built on Jun  8 2021 23:21:43 by "mach5one" with MS VC++ 16.7 (VS2019)

END.
